[ 2017-08-22T08:35:11+08:00 ] 192.168.1.169 /index.php?s=/w16/Survey/Survey/lists.html&mdm=17|19
NOTIC: [2] Cannot redeclare class Think\Action D:\webServer\www\wll\wechat.56br.com\ThinkPHP\Library\Think\ManageBaseController.class.php 第 310 行.
NOTIC: [2048] Declaration of Addons\Survey\Controller\SurveyController::lists() should be compatible with Think\ManageBaseController::lists($model = NULL, $page = 0) D:\webServer\www\wll\wechat.56br.com\Addons\Survey\Controller\SurveyController.class.php 第 7 行.
NOTIC: [2048] Declaration of Addons\Survey\Controller\SurveyController::edit() should be compatible with Think\ManageBaseController::edit($model = NULL, $id = 0) D:\webServer\www\wll\wechat.56br.com\Addons\Survey\Controller\SurveyController.class.php 第 7 行.
NOTIC: [2048] Declaration of Addons\Survey\Controller\SurveyController::add() should be compatible with Think\ManageBaseController::add($model = NULL) D:\webServer\www\wll\wechat.56br.com\Addons\Survey\Controller\SurveyController.class.php 第 7 行.
NOTIC: [8] Undefined index: uid D:\webServer\www\wll\wechat.56br.com\ThinkPHP\Library\Think\ManageBaseController.class.php 第 153 行.
NOTIC: [8] Undefined variable: tongji_code D:\webServer\www\wll\wechat.56br.com\ThinkPHP\Library\Think\ManageBaseController.class.php 第 120 行.
NOTIC: [8] Undefined index: group_id D:\webServer\www\wll\wechat.56br.com\Application\Common\Model\AddonStatusModel.class.php 第 50 行.
NOTIC: [8] Undefined variable: addons D:\webServer\www\wll\wechat.56br.com\Application\Common\Common\function.php 第 501 行.
NOTIC: [8] Undefined variable: addons D:\webServer\www\wll\wechat.56br.com\Application\Common\Common\function.php 第 501 行.
NOTIC: [8] Undefined variable: addons D:\webServer\www\wll\wechat.56br.com\Application\Common\Common\function.php 第 501 行.
NOTIC: [8] Undefined variable: addons D:\webServer\www\wll\wechat.56br.com\Application\Common\Common\function.php 第 501 行.
NOTIC: [8] Undefined variable: addons D:\webServer\www\wll\wechat.56br.com\Application\Common\Common\function.php 第 501 行.
NOTIC: [8] Undefined variable: addons D:\webServer\www\wll\wechat.56br.com\Application\Common\Common\function.php 第 501 行.
NOTIC: [8] Undefined variable: addons D:\webServer\www\wll\wechat.56br.com\Application\Common\Common\function.php 第 501 行.
NOTIC: [8] Undefined variable: addons D:\webServer\www\wll\wechat.56br.com\Application\Common\Common\function.php 第 501 行.
NOTIC: [8] Undefined variable: addons D:\webServer\www\wll\wechat.56br.com\Application\Common\Common\function.php 第 501 行.
NOTIC: [8] Undefined variable: addons D:\webServer\www\wll\wechat.56br.com\Application\Common\Common\function.php 第 501 行.
NOTIC: [8] Undefined variable: addons D:\webServer\www\wll\wechat.56br.com\Application\Common\Common\function.php 第 501 行.
NOTIC: [8] Undefined variable: addons D:\webServer\www\wll\wechat.56br.com\Application\Common\Common\function.php 第 501 行.
NOTIC: [8] Undefined variable: addons D:\webServer\www\wll\wechat.56br.com\Application\Common\Common\function.php 第 501 行.
NOTIC: [8] Undefined variable: addons D:\webServer\www\wll\wechat.56br.com\Application\Common\Common\function.php 第 501 行.
NOTIC: [8] Undefined variable: addons D:\webServer\www\wll\wechat.56br.com\Application\Common\Common\function.php 第 501 行.
NOTIC: [8] Undefined variable: addons D:\webServer\www\wll\wechat.56br.com\Application\Common\Common\function.php 第 501 行.
NOTIC: [8] Undefined variable: addons D:\webServer\www\wll\wechat.56br.com\Application\Common\Common\function.php 第 501 行.
NOTIC: [8] Undefined variable: addons D:\webServer\www\wll\wechat.56br.com\Application\Common\Common\function.php 第 501 行.
NOTIC: [8] Undefined variable: addons D:\webServer\www\wll\wechat.56br.com\Application\Common\Common\function.php 第 501 行.
NOTIC: [8] Undefined variable: addons D:\webServer\www\wll\wechat.56br.com\Application\Common\Common\function.php 第 501 行.
NOTIC: [8] Undefined variable: addons D:\webServer\www\wll\wechat.56br.com\Application\Common\Common\function.php 第 501 行.
NOTIC: [8] Undefined variable: addons D:\webServer\www\wll\wechat.56br.com\Application\Common\Common\function.php 第 501 行.
NOTIC: [8] Undefined variable: addons D:\webServer\www\wll\wechat.56br.com\Application\Common\Common\function.php 第 501 行.
NOTIC: [8] Undefined variable: addons D:\webServer\www\wll\wechat.56br.com\Application\Common\Common\function.php 第 501 行.
NOTIC: [8] Undefined variable: addons D:\webServer\www\wll\wechat.56br.com\Application\Common\Common\function.php 第 501 行.
NOTIC: [8] Undefined variable: addons D:\webServer\www\wll\wechat.56br.com\Application\Common\Common\function.php 第 501 行.
NOTIC: [8] Undefined variable: addons D:\webServer\www\wll\wechat.56br.com\Application\Common\Common\function.php 第 501 行.
NOTIC: [8] Undefined variable: addons D:\webServer\www\wll\wechat.56br.com\Application\Common\Common\function.php 第 501 行.
NOTIC: [8] Undefined variable: addons D:\webServer\www\wll\wechat.56br.com\Application\Common\Common\function.php 第 501 行.
NOTIC: [8] Undefined variable: addons D:\webServer\www\wll\wechat.56br.com\Application\Common\Common\function.php 第 501 行.
NOTIC: [8] Undefined variable: addons D:\webServer\www\wll\wechat.56br.com\Application\Common\Common\function.php 第 501 行.
NOTIC: [8] Undefined variable: addons D:\webServer\www\wll\wechat.56br.com\Application\Common\Common\function.php 第 501 行.
NOTIC: [8] Undefined variable: addons D:\webServer\www\wll\wechat.56br.com\Application\Common\Common\function.php 第 501 行.
NOTIC: [8] Undefined variable: addons D:\webServer\www\wll\wechat.56br.com\Application\Common\Common\function.php 第 501 行.
NOTIC: [8] Undefined variable: addons D:\webServer\www\wll\wechat.56br.com\Application\Common\Common\function.php 第 501 行.
NOTIC: [8] Undefined variable: addons D:\webServer\www\wll\wechat.56br.com\Application\Common\Common\function.php 第 501 行.
NOTIC: [8] Undefined variable: addons D:\webServer\www\wll\wechat.56br.com\Application\Common\Common\function.php 第 501 行.
NOTIC: [8] Undefined variable: addons D:\webServer\www\wll\wechat.56br.com\Application\Common\Common\function.php 第 501 行.
NOTIC: [8] Undefined variable: addons D:\webServer\www\wll\wechat.56br.com\Application\Common\Common\function.php 第 501 行.
NOTIC: [8] Undefined variable: addons D:\webServer\www\wll\wechat.56br.com\Application\Common\Common\function.php 第 501 行.
NOTIC: [8] Undefined variable: addons D:\webServer\www\wll\wechat.56br.com\Application\Common\Common\function.php 第 501 行.
NOTIC: [8] Undefined variable: addons D:\webServer\www\wll\wechat.56br.com\Application\Common\Common\function.php 第 501 行.
NOTIC: [8] Undefined variable: addons D:\webServer\www\wll\wechat.56br.com\Application\Common\Common\function.php 第 501 行.
NOTIC: [8] Undefined variable: addons D:\webServer\www\wll\wechat.56br.com\Application\Common\Common\function.php 第 501 行.
NOTIC: [8] Undefined variable: addons D:\webServer\www\wll\wechat.56br.com\Application\Common\Common\function.php 第 501 行.
NOTIC: [8] Undefined variable: addons D:\webServer\www\wll\wechat.56br.com\Application\Common\Common\function.php 第 501 行.
NOTIC: [8] Undefined variable: addons D:\webServer\www\wll\wechat.56br.com\Application\Common\Common\function.php 第 501 行.
NOTIC: [8] Undefined variable: addons D:\webServer\www\wll\wechat.56br.com\Application\Common\Common\function.php 第 501 行.
NOTIC: [8] Undefined variable: addons D:\webServer\www\wll\wechat.56br.com\Application\Common\Common\function.php 第 501 行.
NOTIC: [8] Undefined offset: 14 D:\webServer\www\wll\wechat.56br.com\Application\Common\Model\MenuModel.class.php 第 94 行.
NOTIC: [8] Undefined offset: 14 D:\webServer\www\wll\wechat.56br.com\Application\Common\Model\MenuModel.class.php 第 104 行.
NOTIC: [8] Undefined offset: 60 D:\webServer\www\wll\wechat.56br.com\Application\Common\Model\MenuModel.class.php 第 94 行.
NOTIC: [8] Undefined offset: 60 D:\webServer\www\wll\wechat.56br.com\Application\Common\Model\MenuModel.class.php 第 104 行.
NOTIC: [2] Invalid argument supplied for foreach() D:\webServer\www\wll\wechat.56br.com\ThinkPHP\Library\Think\Controller.class.php 第 806 行.
NOTIC: [8] Use of undefined constant website_logo - assumed 'website_logo' D:\webServer\www\wll\wechat.56br.com\Runtime\Cache\Survey\68ef3e9e7392fdb33b2907f91b2fea64.php 第 64 行.
NOTIC: [8] Use of undefined constant headimgurl - assumed 'headimgurl' D:\webServer\www\wll\wechat.56br.com\Runtime\Cache\Survey\68ef3e9e7392fdb33b2907f91b2fea64.php 第 92 行.
NOTIC: [8] Undefined variable: output D:\webServer\www\wll\wechat.56br.com\Application\Common\Common\function.php 第 1644 行.
NOTIC: [8] Undefined variable: core_side_category D:\webServer\www\wll\wechat.56br.com\Runtime\Cache\Survey\68ef3e9e7392fdb33b2907f91b2fea64.php 第 132 行.
NOTIC: [8] Undefined variable: add_url D:\webServer\www\wll\wechat.56br.com\Runtime\Cache\Survey\68ef3e9e7392fdb33b2907f91b2fea64.php 第 165 行.
NOTIC: [8] Undefined variable: del_url D:\webServer\www\wll\wechat.56br.com\Runtime\Cache\Survey\68ef3e9e7392fdb33b2907f91b2fea64.php 第 166 行.
NOTIC: [8] Use of undefined constant model - assumed 'model' D:\webServer\www\wll\wechat.56br.com\Runtime\Cache\Survey\68ef3e9e7392fdb33b2907f91b2fea64.php 第 176 行.
NOTIC: [8] Undefined variable: search_url D:\webServer\www\wll\wechat.56br.com\Runtime\Cache\Survey\68ef3e9e7392fdb33b2907f91b2fea64.php 第 176 行.
NOTIC: [8] Undefined variable: addons D:\webServer\www\wll\wechat.56br.com\Application\Common\Common\function.php 第 501 行.

[ 2017-08-22T08:35:19+08:00 ] 192.168.1.169 /index.php?s=/w16/Survey/Survey/lists.html&mdm=17|19
NOTIC: [2] Cannot redeclare class Think\Action D:\webServer\www\wll\wechat.56br.com\ThinkPHP\Library\Think\ManageBaseController.class.php 第 310 行.
NOTIC: [2048] Declaration of Addons\Survey\Controller\SurveyController::lists() should be compatible with Think\ManageBaseController::lists($model = NULL, $page = 0) D:\webServer\www\wll\wechat.56br.com\Addons\Survey\Controller\SurveyController.class.php 第 7 行.
NOTIC: [2048] Declaration of Addons\Survey\Controller\SurveyController::edit() should be compatible with Think\ManageBaseController::edit($model = NULL, $id = 0) D:\webServer\www\wll\wechat.56br.com\Addons\Survey\Controller\SurveyController.class.php 第 7 行.
NOTIC: [2048] Declaration of Addons\Survey\Controller\SurveyController::add() should be compatible with Think\ManageBaseController::add($model = NULL) D:\webServer\www\wll\wechat.56br.com\Addons\Survey\Controller\SurveyController.class.php 第 7 行.

