[ 2017-08-22T08:43:01+08:00 ] 192.168.1.169 /index.php?s=/w16/Sms/Sms/config.html
NOTIC: [2] Cannot redeclare class Think\Action D:\webServer\www\wll\wechat.56br.com\ThinkPHP\Library\Think\ManageBaseController.class.php 第 310 行.
NOTIC: [8] Undefined index: uid D:\webServer\www\wll\wechat.56br.com\ThinkPHP\Library\Think\ManageBaseController.class.php 第 153 行.
NOTIC: [8] Undefined variable: tongji_code D:\webServer\www\wll\wechat.56br.com\ThinkPHP\Library\Think\ManageBaseController.class.php 第 120 行.
NOTIC: [8] Undefined index: group_id D:\webServer\www\wll\wechat.56br.com\Application\Common\Model\AddonStatusModel.class.php 第 50 行.
NOTIC: [8] Undefined variable: addons D:\webServer\www\wll\wechat.56br.com\Application\Common\Common\function.php 第 501 行.
NOTIC: [8] Undefined variable: addons D:\webServer\www\wll\wechat.56br.com\Application\Common\Common\function.php 第 501 行.
NOTIC: [8] Undefined variable: addons D:\webServer\www\wll\wechat.56br.com\Application\Common\Common\function.php 第 501 行.
NOTIC: [8] Undefined variable: addons D:\webServer\www\wll\wechat.56br.com\Application\Common\Common\function.php 第 501 行.
NOTIC: [8] Undefined variable: addons D:\webServer\www\wll\wechat.56br.com\Application\Common\Common\function.php 第 501 行.
NOTIC: [8] Undefined variable: addons D:\webServer\www\wll\wechat.56br.com\Application\Common\Common\function.php 第 501 行.
NOTIC: [8] Undefined variable: addons D:\webServer\www\wll\wechat.56br.com\Application\Common\Common\function.php 第 501 行.
NOTIC: [8] Undefined variable: addons D:\webServer\www\wll\wechat.56br.com\Application\Common\Common\function.php 第 501 行.
NOTIC: [8] Undefined variable: addons D:\webServer\www\wll\wechat.56br.com\Application\Common\Common\function.php 第 501 行.
NOTIC: [8] Undefined variable: addons D:\webServer\www\wll\wechat.56br.com\Application\Common\Common\function.php 第 501 行.
NOTIC: [8] Undefined variable: addons D:\webServer\www\wll\wechat.56br.com\Application\Common\Common\function.php 第 501 行.
NOTIC: [8] Undefined variable: addons D:\webServer\www\wll\wechat.56br.com\Application\Common\Common\function.php 第 501 行.
NOTIC: [8] Undefined variable: addons D:\webServer\www\wll\wechat.56br.com\Application\Common\Common\function.php 第 501 行.
NOTIC: [8] Undefined variable: addons D:\webServer\www\wll\wechat.56br.com\Application\Common\Common\function.php 第 501 行.
NOTIC: [8] Undefined variable: addons D:\webServer\www\wll\wechat.56br.com\Application\Common\Common\function.php 第 501 行.
NOTIC: [8] Undefined variable: addons D:\webServer\www\wll\wechat.56br.com\Application\Common\Common\function.php 第 501 行.
NOTIC: [8] Undefined variable: addons D:\webServer\www\wll\wechat.56br.com\Application\Common\Common\function.php 第 501 行.
NOTIC: [8] Undefined variable: addons D:\webServer\www\wll\wechat.56br.com\Application\Common\Common\function.php 第 501 行.
NOTIC: [8] Undefined variable: addons D:\webServer\www\wll\wechat.56br.com\Application\Common\Common\function.php 第 501 行.
NOTIC: [8] Undefined variable: addons D:\webServer\www\wll\wechat.56br.com\Application\Common\Common\function.php 第 501 行.
NOTIC: [8] Undefined variable: addons D:\webServer\www\wll\wechat.56br.com\Application\Common\Common\function.php 第 501 行.
NOTIC: [8] Undefined variable: addons D:\webServer\www\wll\wechat.56br.com\Application\Common\Common\function.php 第 501 行.
NOTIC: [8] Undefined variable: addons D:\webServer\www\wll\wechat.56br.com\Application\Common\Common\function.php 第 501 行.
NOTIC: [8] Undefined variable: addons D:\webServer\www\wll\wechat.56br.com\Application\Common\Common\function.php 第 501 行.
NOTIC: [8] Undefined variable: addons D:\webServer\www\wll\wechat.56br.com\Application\Common\Common\function.php 第 501 行.
NOTIC: [8] Undefined variable: addons D:\webServer\www\wll\wechat.56br.com\Application\Common\Common\function.php 第 501 行.
NOTIC: [8] Undefined variable: addons D:\webServer\www\wll\wechat.56br.com\Application\Common\Common\function.php 第 501 行.
NOTIC: [8] Undefined variable: addons D:\webServer\www\wll\wechat.56br.com\Application\Common\Common\function.php 第 501 行.
NOTIC: [8] Undefined variable: addons D:\webServer\www\wll\wechat.56br.com\Application\Common\Common\function.php 第 501 行.
NOTIC: [8] Undefined variable: addons D:\webServer\www\wll\wechat.56br.com\Application\Common\Common\function.php 第 501 行.
NOTIC: [8] Undefined variable: addons D:\webServer\www\wll\wechat.56br.com\Application\Common\Common\function.php 第 501 行.
NOTIC: [8] Undefined variable: addons D:\webServer\www\wll\wechat.56br.com\Application\Common\Common\function.php 第 501 行.
NOTIC: [8] Undefined variable: addons D:\webServer\www\wll\wechat.56br.com\Application\Common\Common\function.php 第 501 行.
NOTIC: [8] Undefined variable: addons D:\webServer\www\wll\wechat.56br.com\Application\Common\Common\function.php 第 501 行.
NOTIC: [8] Undefined variable: addons D:\webServer\www\wll\wechat.56br.com\Application\Common\Common\function.php 第 501 行.
NOTIC: [8] Undefined variable: addons D:\webServer\www\wll\wechat.56br.com\Application\Common\Common\function.php 第 501 行.
NOTIC: [8] Undefined variable: addons D:\webServer\www\wll\wechat.56br.com\Application\Common\Common\function.php 第 501 行.
NOTIC: [8] Undefined variable: addons D:\webServer\www\wll\wechat.56br.com\Application\Common\Common\function.php 第 501 行.
NOTIC: [8] Undefined variable: addons D:\webServer\www\wll\wechat.56br.com\Application\Common\Common\function.php 第 501 行.
NOTIC: [8] Undefined variable: addons D:\webServer\www\wll\wechat.56br.com\Application\Common\Common\function.php 第 501 行.
NOTIC: [8] Undefined variable: addons D:\webServer\www\wll\wechat.56br.com\Application\Common\Common\function.php 第 501 行.
NOTIC: [8] Undefined variable: addons D:\webServer\www\wll\wechat.56br.com\Application\Common\Common\function.php 第 501 行.
NOTIC: [8] Undefined variable: addons D:\webServer\www\wll\wechat.56br.com\Application\Common\Common\function.php 第 501 行.
NOTIC: [8] Undefined variable: addons D:\webServer\www\wll\wechat.56br.com\Application\Common\Common\function.php 第 501 行.
NOTIC: [8] Undefined variable: addons D:\webServer\www\wll\wechat.56br.com\Application\Common\Common\function.php 第 501 行.
NOTIC: [8] Undefined variable: addons D:\webServer\www\wll\wechat.56br.com\Application\Common\Common\function.php 第 501 行.
NOTIC: [8] Undefined variable: addons D:\webServer\www\wll\wechat.56br.com\Application\Common\Common\function.php 第 501 行.
NOTIC: [8] Undefined variable: addons D:\webServer\www\wll\wechat.56br.com\Application\Common\Common\function.php 第 501 行.
NOTIC: [8] Undefined variable: addons D:\webServer\www\wll\wechat.56br.com\Application\Common\Common\function.php 第 501 行.
NOTIC: [8] Undefined offset: 14 D:\webServer\www\wll\wechat.56br.com\Application\Common\Model\MenuModel.class.php 第 94 行.
NOTIC: [8] Undefined offset: 14 D:\webServer\www\wll\wechat.56br.com\Application\Common\Model\MenuModel.class.php 第 104 行.
NOTIC: [8] Undefined offset: 60 D:\webServer\www\wll\wechat.56br.com\Application\Common\Model\MenuModel.class.php 第 94 行.
NOTIC: [8] Undefined offset: 60 D:\webServer\www\wll\wechat.56br.com\Application\Common\Model\MenuModel.class.php 第 104 行.
NOTIC: [8] Undefined index: Sms D:\webServer\www\wll\wechat.56br.com\Application\Common\Model\AddonConfigModel.class.php 第 136 行.
NOTIC: [8] Array to string conversion D:\webServer\www\wll\wechat.56br.com\Application\Common\Model\AddonConfigModel.class.php 第 146 行.
NOTIC: [8] Use of undefined constant website_logo - assumed 'website_logo' D:\webServer\www\wll\wechat.56br.com\Runtime\Cache\Sms\e999e37c35c88a82fa86a3ee08708ba1.php 第 64 行.
NOTIC: [8] Use of undefined constant headimgurl - assumed 'headimgurl' D:\webServer\www\wll\wechat.56br.com\Runtime\Cache\Sms\e999e37c35c88a82fa86a3ee08708ba1.php 第 92 行.
NOTIC: [8] Undefined variable: output D:\webServer\www\wll\wechat.56br.com\Application\Common\Common\function.php 第 1644 行.
NOTIC: [8] Undefined variable: core_side_category D:\webServer\www\wll\wechat.56br.com\Runtime\Cache\Sms\e999e37c35c88a82fa86a3ee08708ba1.php 第 132 行.
NOTIC: [8] Undefined index: TemplateId D:\webServer\www\wll\wechat.56br.com\Runtime\Cache\Sms\e999e37c35c88a82fa86a3ee08708ba1.php 第 201 行.

[ 2017-08-22T08:43:11+08:00 ] 192.168.1.169 /index.php?s=/w16/Sms/Sms/config.html
NOTIC: [2] Cannot redeclare class Think\Action D:\webServer\www\wll\wechat.56br.com\ThinkPHP\Library\Think\ManageBaseController.class.php 第 310 行.

[ 2017-08-22T08:43:33+08:00 ] 192.168.1.169 /index.php?s=/w16/Sms/Sms/config.html
NOTIC: [2] Cannot redeclare class Think\Action D:\webServer\www\wll\wechat.56br.com\ThinkPHP\Library\Think\ManageBaseController.class.php 第 310 行.
NOTIC: [8] Undefined index: uid D:\webServer\www\wll\wechat.56br.com\ThinkPHP\Library\Think\ManageBaseController.class.php 第 153 行.
NOTIC: [8] Undefined variable: tongji_code D:\webServer\www\wll\wechat.56br.com\ThinkPHP\Library\Think\ManageBaseController.class.php 第 120 行.
NOTIC: [8] Undefined index: group_id D:\webServer\www\wll\wechat.56br.com\Application\Common\Model\AddonStatusModel.class.php 第 50 行.
NOTIC: [8] Undefined variable: addons D:\webServer\www\wll\wechat.56br.com\Application\Common\Common\function.php 第 501 行.
NOTIC: [8] Undefined variable: addons D:\webServer\www\wll\wechat.56br.com\Application\Common\Common\function.php 第 501 行.
NOTIC: [8] Undefined variable: addons D:\webServer\www\wll\wechat.56br.com\Application\Common\Common\function.php 第 501 行.
NOTIC: [8] Undefined variable: addons D:\webServer\www\wll\wechat.56br.com\Application\Common\Common\function.php 第 501 行.
NOTIC: [8] Undefined variable: addons D:\webServer\www\wll\wechat.56br.com\Application\Common\Common\function.php 第 501 行.
NOTIC: [8] Undefined variable: addons D:\webServer\www\wll\wechat.56br.com\Application\Common\Common\function.php 第 501 行.
NOTIC: [8] Undefined variable: addons D:\webServer\www\wll\wechat.56br.com\Application\Common\Common\function.php 第 501 行.
NOTIC: [8] Undefined variable: addons D:\webServer\www\wll\wechat.56br.com\Application\Common\Common\function.php 第 501 行.
NOTIC: [8] Undefined variable: addons D:\webServer\www\wll\wechat.56br.com\Application\Common\Common\function.php 第 501 行.
NOTIC: [8] Undefined variable: addons D:\webServer\www\wll\wechat.56br.com\Application\Common\Common\function.php 第 501 行.
NOTIC: [8] Undefined variable: addons D:\webServer\www\wll\wechat.56br.com\Application\Common\Common\function.php 第 501 行.
NOTIC: [8] Undefined variable: addons D:\webServer\www\wll\wechat.56br.com\Application\Common\Common\function.php 第 501 行.
NOTIC: [8] Undefined variable: addons D:\webServer\www\wll\wechat.56br.com\Application\Common\Common\function.php 第 501 行.
NOTIC: [8] Undefined variable: addons D:\webServer\www\wll\wechat.56br.com\Application\Common\Common\function.php 第 501 行.
NOTIC: [8] Undefined variable: addons D:\webServer\www\wll\wechat.56br.com\Application\Common\Common\function.php 第 501 行.
NOTIC: [8] Undefined variable: addons D:\webServer\www\wll\wechat.56br.com\Application\Common\Common\function.php 第 501 行.
NOTIC: [8] Undefined variable: addons D:\webServer\www\wll\wechat.56br.com\Application\Common\Common\function.php 第 501 行.
NOTIC: [8] Undefined variable: addons D:\webServer\www\wll\wechat.56br.com\Application\Common\Common\function.php 第 501 行.
NOTIC: [8] Undefined variable: addons D:\webServer\www\wll\wechat.56br.com\Application\Common\Common\function.php 第 501 行.
NOTIC: [8] Undefined variable: addons D:\webServer\www\wll\wechat.56br.com\Application\Common\Common\function.php 第 501 行.
NOTIC: [8] Undefined variable: addons D:\webServer\www\wll\wechat.56br.com\Application\Common\Common\function.php 第 501 行.
NOTIC: [8] Undefined variable: addons D:\webServer\www\wll\wechat.56br.com\Application\Common\Common\function.php 第 501 行.
NOTIC: [8] Undefined variable: addons D:\webServer\www\wll\wechat.56br.com\Application\Common\Common\function.php 第 501 行.
NOTIC: [8] Undefined variable: addons D:\webServer\www\wll\wechat.56br.com\Application\Common\Common\function.php 第 501 行.
NOTIC: [8] Undefined variable: addons D:\webServer\www\wll\wechat.56br.com\Application\Common\Common\function.php 第 501 行.
NOTIC: [8] Undefined variable: addons D:\webServer\www\wll\wechat.56br.com\Application\Common\Common\function.php 第 501 行.
NOTIC: [8] Undefined variable: addons D:\webServer\www\wll\wechat.56br.com\Application\Common\Common\function.php 第 501 行.
NOTIC: [8] Undefined variable: addons D:\webServer\www\wll\wechat.56br.com\Application\Common\Common\function.php 第 501 行.
NOTIC: [8] Undefined variable: addons D:\webServer\www\wll\wechat.56br.com\Application\Common\Common\function.php 第 501 行.
NOTIC: [8] Undefined variable: addons D:\webServer\www\wll\wechat.56br.com\Application\Common\Common\function.php 第 501 行.
NOTIC: [8] Undefined variable: addons D:\webServer\www\wll\wechat.56br.com\Application\Common\Common\function.php 第 501 行.
NOTIC: [8] Undefined variable: addons D:\webServer\www\wll\wechat.56br.com\Application\Common\Common\function.php 第 501 行.
NOTIC: [8] Undefined variable: addons D:\webServer\www\wll\wechat.56br.com\Application\Common\Common\function.php 第 501 行.
NOTIC: [8] Undefined variable: addons D:\webServer\www\wll\wechat.56br.com\Application\Common\Common\function.php 第 501 行.
NOTIC: [8] Undefined variable: addons D:\webServer\www\wll\wechat.56br.com\Application\Common\Common\function.php 第 501 行.
NOTIC: [8] Undefined variable: addons D:\webServer\www\wll\wechat.56br.com\Application\Common\Common\function.php 第 501 行.
NOTIC: [8] Undefined variable: addons D:\webServer\www\wll\wechat.56br.com\Application\Common\Common\function.php 第 501 行.
NOTIC: [8] Undefined variable: addons D:\webServer\www\wll\wechat.56br.com\Application\Common\Common\function.php 第 501 行.
NOTIC: [8] Undefined variable: addons D:\webServer\www\wll\wechat.56br.com\Application\Common\Common\function.php 第 501 行.
NOTIC: [8] Undefined variable: addons D:\webServer\www\wll\wechat.56br.com\Application\Common\Common\function.php 第 501 行.
NOTIC: [8] Undefined variable: addons D:\webServer\www\wll\wechat.56br.com\Application\Common\Common\function.php 第 501 行.
NOTIC: [8] Undefined variable: addons D:\webServer\www\wll\wechat.56br.com\Application\Common\Common\function.php 第 501 行.
NOTIC: [8] Undefined variable: addons D:\webServer\www\wll\wechat.56br.com\Application\Common\Common\function.php 第 501 行.
NOTIC: [8] Undefined variable: addons D:\webServer\www\wll\wechat.56br.com\Application\Common\Common\function.php 第 501 行.
NOTIC: [8] Undefined variable: addons D:\webServer\www\wll\wechat.56br.com\Application\Common\Common\function.php 第 501 行.
NOTIC: [8] Undefined variable: addons D:\webServer\www\wll\wechat.56br.com\Application\Common\Common\function.php 第 501 行.
NOTIC: [8] Undefined variable: addons D:\webServer\www\wll\wechat.56br.com\Application\Common\Common\function.php 第 501 行.
NOTIC: [8] Undefined variable: addons D:\webServer\www\wll\wechat.56br.com\Application\Common\Common\function.php 第 501 行.
NOTIC: [8] Undefined variable: addons D:\webServer\www\wll\wechat.56br.com\Application\Common\Common\function.php 第 501 行.
NOTIC: [8] Undefined offset: 14 D:\webServer\www\wll\wechat.56br.com\Application\Common\Model\MenuModel.class.php 第 94 行.
NOTIC: [8] Undefined offset: 14 D:\webServer\www\wll\wechat.56br.com\Application\Common\Model\MenuModel.class.php 第 104 行.
NOTIC: [8] Undefined offset: 60 D:\webServer\www\wll\wechat.56br.com\Application\Common\Model\MenuModel.class.php 第 94 行.
NOTIC: [8] Undefined offset: 60 D:\webServer\www\wll\wechat.56br.com\Application\Common\Model\MenuModel.class.php 第 104 行.
NOTIC: [8] Undefined index: Sms D:\webServer\www\wll\wechat.56br.com\Application\Common\Model\AddonConfigModel.class.php 第 136 行.
NOTIC: [8] Array to string conversion D:\webServer\www\wll\wechat.56br.com\Application\Common\Model\AddonConfigModel.class.php 第 146 行.
NOTIC: [8] Use of undefined constant website_logo - assumed 'website_logo' D:\webServer\www\wll\wechat.56br.com\Runtime\Cache\Sms\e999e37c35c88a82fa86a3ee08708ba1.php 第 64 行.
NOTIC: [8] Use of undefined constant headimgurl - assumed 'headimgurl' D:\webServer\www\wll\wechat.56br.com\Runtime\Cache\Sms\e999e37c35c88a82fa86a3ee08708ba1.php 第 92 行.
NOTIC: [8] Undefined variable: output D:\webServer\www\wll\wechat.56br.com\Application\Common\Common\function.php 第 1644 行.
NOTIC: [8] Undefined variable: core_side_category D:\webServer\www\wll\wechat.56br.com\Runtime\Cache\Sms\e999e37c35c88a82fa86a3ee08708ba1.php 第 132 行.
NOTIC: [8] Undefined index: TemplateId D:\webServer\www\wll\wechat.56br.com\Runtime\Cache\Sms\e999e37c35c88a82fa86a3ee08708ba1.php 第 201 行.

