[ 2017-08-22T08:04:23+08:00 ] 192.168.1.169 /index.php?s=/w16/UserCenter/Wap/check.html
SQL: SELECT `name`,type_3 as val FROM `wp_apps_auth`  [ RunTime:0.0008s ]

[ 2017-08-22T08:05:10+08:00 ] 192.168.1.169 /index.php?s=/w16/UserCenter/Wap/check.html&&code=061OZh5O11ECb51DgI5O1sDS4O1OZh5m&state=weiphp
SQL: SELECT `uid` FROM `wp_apps_follow` WHERE `openid` = 'oKZ5et5tJ_yaY8ZOGzFYOn8wdmyg' AND `token` = 'gh_268db5519a17' LIMIT 1   [ RunTime:0.0004s ]
SQL: SHOW COLUMNS FROM `wp_user` [ RunTime:0.0008s ]
SQL: SELECT `uid` FROM `wp_apps_follow` WHERE `token` = 'gh_268db5519a17' AND `openid` = 'oKZ5et5tJ_yaY8ZOGzFYOn8wdmyg' LIMIT 1   [ RunTime:0.0003s ]
SQL: SELECT * FROM `wp_addons` WHERE `status` = 1  [ RunTime:0.0008s ]
SQL: INSERT INTO `wp_user` (`experience`,`score`,`reg_ip`,`reg_time`,`last_login_ip`,`last_login_time`,`status`,`is_init`,`is_audit`,`come_from`,`nickname`,`sex`,`language`,`city`,`province`,`country`,`headimgurl`,`subscribe_time`,`remark`,`groupid`) VALUES ('100','100','3232235945','1503360309','3232235945','1503360309','1','1','1','1','ðŸŒ‚ç¨€é¥­ðŸ’ä¸åŠ ç³–ðŸ˜˜â„¢','1','zh_CN','æœé˜³','åŒ—äº¬','ä¸­å›½','//wx.qlogo.cn/mmopen/yJx7W9FXkkKzByzrQTribp7bF2tzJaEpZzb24WicYt9ibrd5LF7WakjyeuhLFkyK2SBJzmcH7QZKsyA1IRTSMHnibshQ9ectUMRQ/0','1500428808','','0') [ RunTime:0.0010s ]
SQL: INSERT INTO `wp_apps_follow` (`token`,`openid`,`uid`) VALUES ('gh_268db5519a17','oKZ5et5tJ_yaY8ZOGzFYOn8wdmyg','159') [ RunTime:0.0009s ]
SQL: SELECT * FROM `wp_apps` WHERE `token` = '' LIMIT 1   [ RunTime:0.0010s ]
SQL: SELECT `name`,`title` FROM `wp_apps_auth`  [ RunTime:0.0009s ]
SQL: INSERT INTO `wp_apps_check` (`na`,`msg`,`token`) VALUES ('access_token','','gh_268db5519a17') [ RunTime:0.0007s ]
SQL: INSERT INTO `wp_apps_check` (`na`,`msg`,`token`) VALUES ('access_token_check','','gh_268db5519a17') [ RunTime:0.0005s ]
SQL: INSERT INTO `wp_apps_check` (`na`,`msg`,`token`) VALUES ('massage','æ”¶å‘æ¶ˆæ¯å¤±è´¥','gh_268db5519a17') [ RunTime:0.0003s ]

[ 2017-08-22T08:05:14+08:00 ] 192.168.1.169 /index.php?s=/w16/UserCenter/Wap/check2.html
SQL: SELECT `uid` FROM `wp_apps_follow` WHERE `openid` = 'oKZ5et5tJ_yaY8ZOGzFYOn8wdmyg' AND `token` = 'gh_268db5519a17' LIMIT 1   [ RunTime:0.0004s ]
SQL: SELECT * FROM `wp_user` WHERE `uid` = 159 LIMIT 1   [ RunTime:0.0002s ]
SQL: SELECT `uid`,`has_public`,`headface_url`,`GammaAppId`,`GammaSecret`,`copy_right`,`tongji_code`,`website_logo` FROM `wp_manager` WHERE ( uid='159' ) LIMIT 1   [ RunTime:0.0003s ]
SQL: SHOW COLUMNS FROM `wp_auth_group_access` [ RunTime:0.0004s ]
SQL: SELECT a.group_id,g.title,g.type,g.icon FROM wp_auth_group_access a INNER JOIN wp_auth_group g on a.group_id=g.id  WHERE ( a.uid='159' and g.status='1' )  [ RunTime:0.0002s ]
SQL: SELECT `openid`,`token`,`uid`,`has_subscribe`,`syc_status`,`remark` FROM `wp_apps_follow` WHERE ( uid='159' )  [ RunTime:0.0002s ]
SQL: SELECT `tag_id` FROM `wp_user_tag_link` WHERE `uid` = 159  [ RunTime:0.0004s ]
SQL: SHOW COLUMNS FROM `wp_auth_group_access` [ RunTime:0.0004s ]
SQL: SELECT a.uid,a.group_id,g.title,g.rules FROM wp_auth_group_access a INNER JOIN wp_auth_group g on a.group_id=g.id  WHERE ( a.uid='159' and g.status='1' )  [ RunTime:0.0002s ]

[ 2017-08-22T08:05:15+08:00 ] 192.168.1.169 /index.php?s=/w16/UserCenter/Wap/check2.html&&code=081ZvGkt0edW0b1A1Ymt0TSwkt0ZvGko&state=weiphp
SQL: SHOW COLUMNS FROM `wp_auth_group_access` [ RunTime:0.0005s ]
SQL: SELECT a.uid,a.group_id,g.title,g.rules FROM wp_auth_group_access a INNER JOIN wp_auth_group g on a.group_id=g.id  WHERE ( a.uid='159' and g.status='1' )  [ RunTime:0.0002s ]
SQL: INSERT INTO `wp_apps_check` (`na`,`msg`,`token`) VALUES ('openid','','gh_268db5519a17') [ RunTime:0.0013s ]
SQL: INSERT INTO `wp_apps_check` (`na`,`msg`,`token`) VALUES ('jsapi','','gh_268db5519a17') [ RunTime:0.0007s ]

[ 2017-08-22T08:07:41+08:00 ] 192.168.1.169 /index.php?s=/w16/UserCenter/UserCenter/lists.html
SQL: SELECT * FROM `wp_apps_link` WHERE `uid` = 1  [ RunTime:0.0003s ]
SQL: SELECT * FROM `wp_menu` WHERE `place` = 0 AND `is_hide` = 0 ORDER BY sort asc, id asc  [ RunTime:0.0006s ]
SQL: SELECT * FROM `wp_model` WHERE `name` = 'user' LIMIT 1   [ RunTime:0.0003s ]
SQL: SHOW COLUMNS FROM `wp_apps_follow` [ RunTime:0.0008s ]
SQL: SELECT u.uid,f.openid FROM wp_apps_follow as f INNER JOIN wp_user as u ON f.uid=u.uid  WHERE u.status > 0 AND f.token = 'gh_268db5519a17' AND f.has_subscribe = 1 ORDER BY u.uid desc LIMIT 0,20   [ RunTime:0.0006s ]
SQL: SHOW COLUMNS FROM `wp_apps_follow` [ RunTime:0.0004s ]
SQL: SELECT COUNT(*) AS tp_count FROM wp_apps_follow as f INNER JOIN wp_user as u ON f.uid=u.uid  WHERE u.status > 0 AND f.token = 'gh_268db5519a17' AND f.has_subscribe = 1 LIMIT 1   [ RunTime:0.0003s ]
SQL: SELECT * FROM `wp_user` WHERE `uid` = 168 LIMIT 1   [ RunTime:0.0003s ]
SQL: SELECT `uid`,`has_public`,`headface_url`,`GammaAppId`,`GammaSecret`,`copy_right`,`tongji_code`,`website_logo` FROM `wp_manager` WHERE ( uid='168' ) LIMIT 1   [ RunTime:0.0005s ]
SQL: SHOW COLUMNS FROM `wp_auth_group_access` [ RunTime:0.0004s ]
SQL: SELECT a.group_id,g.title,g.type,g.icon FROM wp_auth_group_access a INNER JOIN wp_auth_group g on a.group_id=g.id  WHERE ( a.uid='168' and g.status='1' )  [ RunTime:0.0003s ]
SQL: SELECT `openid`,`token`,`uid`,`has_subscribe`,`syc_status`,`remark` FROM `wp_apps_follow` WHERE ( uid='168' )  [ RunTime:0.0002s ]
SQL: SELECT `tag_id` FROM `wp_user_tag_link` WHERE `uid` = 168  [ RunTime:0.0003s ]
SQL: SELECT * FROM `wp_user` WHERE `uid` = 167 LIMIT 1   [ RunTime:0.0003s ]
SQL: SELECT `uid`,`has_public`,`headface_url`,`GammaAppId`,`GammaSecret`,`copy_right`,`tongji_code`,`website_logo` FROM `wp_manager` WHERE ( uid='167' ) LIMIT 1   [ RunTime:0.0002s ]
SQL: SHOW COLUMNS FROM `wp_auth_group_access` [ RunTime:0.0004s ]
SQL: SELECT a.group_id,g.title,g.type,g.icon FROM wp_auth_group_access a INNER JOIN wp_auth_group g on a.group_id=g.id  WHERE ( a.uid='167' and g.status='1' )  [ RunTime:0.0002s ]
SQL: SELECT `openid`,`token`,`uid`,`has_subscribe`,`syc_status`,`remark` FROM `wp_apps_follow` WHERE ( uid='167' )  [ RunTime:0.0002s ]
SQL: SELECT `tag_id` FROM `wp_user_tag_link` WHERE `uid` = 167  [ RunTime:0.0001s ]
SQL: SELECT * FROM `wp_user` WHERE `uid` = 166 LIMIT 1   [ RunTime:0.0003s ]
SQL: SELECT `uid`,`has_public`,`headface_url`,`GammaAppId`,`GammaSecret`,`copy_right`,`tongji_code`,`website_logo` FROM `wp_manager` WHERE ( uid='166' ) LIMIT 1   [ RunTime:0.0002s ]
SQL: SHOW COLUMNS FROM `wp_auth_group_access` [ RunTime:0.0004s ]
SQL: SELECT a.group_id,g.title,g.type,g.icon FROM wp_auth_group_access a INNER JOIN wp_auth_group g on a.group_id=g.id  WHERE ( a.uid='166' and g.status='1' )  [ RunTime:0.0002s ]
SQL: SELECT `openid`,`token`,`uid`,`has_subscribe`,`syc_status`,`remark` FROM `wp_apps_follow` WHERE ( uid='166' )  [ RunTime:0.0002s ]
SQL: SELECT `tag_id` FROM `wp_user_tag_link` WHERE `uid` = 166  [ RunTime:0.0002s ]
SQL: SELECT * FROM `wp_user` WHERE `uid` = 165 LIMIT 1   [ RunTime:0.0003s ]
SQL: SELECT `uid`,`has_public`,`headface_url`,`GammaAppId`,`GammaSecret`,`copy_right`,`tongji_code`,`website_logo` FROM `wp_manager` WHERE ( uid='165' ) LIMIT 1   [ RunTime:0.0002s ]
SQL: SHOW COLUMNS FROM `wp_auth_group_access` [ RunTime:0.0004s ]
SQL: SELECT a.group_id,g.title,g.type,g.icon FROM wp_auth_group_access a INNER JOIN wp_auth_group g on a.group_id=g.id  WHERE ( a.uid='165' and g.status='1' )  [ RunTime:0.0002s ]
SQL: SELECT `openid`,`token`,`uid`,`has_subscribe`,`syc_status`,`remark` FROM `wp_apps_follow` WHERE ( uid='165' )  [ RunTime:0.0002s ]
SQL: SELECT `tag_id` FROM `wp_user_tag_link` WHERE `uid` = 165  [ RunTime:0.0002s ]
SQL: SELECT * FROM `wp_user` WHERE `uid` = 164 LIMIT 1   [ RunTime:0.0002s ]
SQL: SELECT `uid`,`has_public`,`headface_url`,`GammaAppId`,`GammaSecret`,`copy_right`,`tongji_code`,`website_logo` FROM `wp_manager` WHERE ( uid='164' ) LIMIT 1   [ RunTime:0.0002s ]
SQL: SHOW COLUMNS FROM `wp_auth_group_access` [ RunTime:0.0005s ]
SQL: SELECT a.group_id,g.title,g.type,g.icon FROM wp_auth_group_access a INNER JOIN wp_auth_group g on a.group_id=g.id  WHERE ( a.uid='164' and g.status='1' )  [ RunTime:0.0002s ]
SQL: SELECT `openid`,`token`,`uid`,`has_subscribe`,`syc_status`,`remark` FROM `wp_apps_follow` WHERE ( uid='164' )  [ RunTime:0.0002s ]
SQL: SELECT `tag_id` FROM `wp_user_tag_link` WHERE `uid` = 164  [ RunTime:0.0001s ]
SQL: SELECT * FROM `wp_user` WHERE `uid` = 163 LIMIT 1   [ RunTime:0.0003s ]
SQL: SELECT `uid`,`has_public`,`headface_url`,`GammaAppId`,`GammaSecret`,`copy_right`,`tongji_code`,`website_logo` FROM `wp_manager` WHERE ( uid='163' ) LIMIT 1   [ RunTime:0.0002s ]
SQL: SHOW COLUMNS FROM `wp_auth_group_access` [ RunTime:0.0005s ]
SQL: SELECT a.group_id,g.title,g.type,g.icon FROM wp_auth_group_access a INNER JOIN wp_auth_group g on a.group_id=g.id  WHERE ( a.uid='163' and g.status='1' )  [ RunTime:0.0002s ]
SQL: SELECT `openid`,`token`,`uid`,`has_subscribe`,`syc_status`,`remark` FROM `wp_apps_follow` WHERE ( uid='163' )  [ RunTime:0.0002s ]
SQL: SELECT `tag_id` FROM `wp_user_tag_link` WHERE `uid` = 163  [ RunTime:0.0001s ]
SQL: SELECT * FROM `wp_user` WHERE `uid` = 162 LIMIT 1   [ RunTime:0.0002s ]
SQL: SELECT `uid`,`has_public`,`headface_url`,`GammaAppId`,`GammaSecret`,`copy_right`,`tongji_code`,`website_logo` FROM `wp_manager` WHERE ( uid='162' ) LIMIT 1   [ RunTime:0.0001s ]
SQL: SHOW COLUMNS FROM `wp_auth_group_access` [ RunTime:0.0003s ]
SQL: SELECT a.group_id,g.title,g.type,g.icon FROM wp_auth_group_access a INNER JOIN wp_auth_group g on a.group_id=g.id  WHERE ( a.uid='162' and g.status='1' )  [ RunTime:0.0002s ]
SQL: SELECT `openid`,`token`,`uid`,`has_subscribe`,`syc_status`,`remark` FROM `wp_apps_follow` WHERE ( uid='162' )  [ RunTime:0.0002s ]
SQL: SELECT `tag_id` FROM `wp_user_tag_link` WHERE `uid` = 162  [ RunTime:0.0002s ]
SQL: SELECT * FROM `wp_user` WHERE `uid` = 161 LIMIT 1   [ RunTime:0.0002s ]
SQL: SELECT `uid`,`has_public`,`headface_url`,`GammaAppId`,`GammaSecret`,`copy_right`,`tongji_code`,`website_logo` FROM `wp_manager` WHERE ( uid='161' ) LIMIT 1   [ RunTime:0.0001s ]
SQL: SHOW COLUMNS FROM `wp_auth_group_access` [ RunTime:0.0003s ]
SQL: SELECT a.group_id,g.title,g.type,g.icon FROM wp_auth_group_access a INNER JOIN wp_auth_group g on a.group_id=g.id  WHERE ( a.uid='161' and g.status='1' )  [ RunTime:0.0002s ]
SQL: SELECT `openid`,`token`,`uid`,`has_subscribe`,`syc_status`,`remark` FROM `wp_apps_follow` WHERE ( uid='161' )  [ RunTime:0.0002s ]
SQL: SELECT `tag_id` FROM `wp_user_tag_link` WHERE `uid` = 161  [ RunTime:0.0001s ]
SQL: SELECT * FROM `wp_user` WHERE `uid` = 160 LIMIT 1   [ RunTime:0.0003s ]
SQL: SELECT `uid`,`has_public`,`headface_url`,`GammaAppId`,`GammaSecret`,`copy_right`,`tongji_code`,`website_logo` FROM `wp_manager` WHERE ( uid='160' ) LIMIT 1   [ RunTime:0.0002s ]
SQL: SHOW COLUMNS FROM `wp_auth_group_access` [ RunTime:0.0004s ]
SQL: SELECT a.group_id,g.title,g.type,g.icon FROM wp_auth_group_access a INNER JOIN wp_auth_group g on a.group_id=g.id  WHERE ( a.uid='160' and g.status='1' )  [ RunTime:0.0002s ]
SQL: SELECT `openid`,`token`,`uid`,`has_subscribe`,`syc_status`,`remark` FROM `wp_apps_follow` WHERE ( uid='160' )  [ RunTime:0.0002s ]
SQL: SELECT `tag_id` FROM `wp_user_tag_link` WHERE `uid` = 160  [ RunTime:0.0002s ]
SQL: SELECT * FROM `wp_auth_group` WHERE `token` = 'gh_268db5519a17' AND `manager_id` = 1  [ RunTime:0.0002s ]
SQL: SHOW COLUMNS FROM `wp_user_tag` [ RunTime:0.0008s ]
SQL: SELECT * FROM `wp_user_tag` WHERE `token` = 'gh_268db5519a17'  [ RunTime:0.0002s ]

[ 2017-08-22T08:12:52+08:00 ] 192.168.1.169 /index.php?s=/w16/UserCenter/UserCenter/lists.html&mdm=15
SQL: SELECT * FROM `wp_apps_link` WHERE `uid` = 1  [ RunTime:0.0003s ]
SQL: SELECT * FROM `wp_menu` WHERE `place` = 0 AND `is_hide` = 0 ORDER BY sort asc, id asc  [ RunTime:0.0011s ]
SQL: SHOW COLUMNS FROM `wp_apps_follow` [ RunTime:0.0007s ]
SQL: SELECT u.uid,f.openid FROM wp_apps_follow as f INNER JOIN wp_user as u ON f.uid=u.uid  WHERE u.status > 0 AND f.token = 'gh_268db5519a17' AND f.has_subscribe = 1 ORDER BY u.uid desc LIMIT 0,20   [ RunTime:0.0004s ]
SQL: SHOW COLUMNS FROM `wp_apps_follow` [ RunTime:0.0003s ]
SQL: SELECT COUNT(*) AS tp_count FROM wp_apps_follow as f INNER JOIN wp_user as u ON f.uid=u.uid  WHERE u.status > 0 AND f.token = 'gh_268db5519a17' AND f.has_subscribe = 1 LIMIT 1   [ RunTime:0.0002s ]
SQL: SELECT * FROM `wp_auth_group` WHERE `token` = 'gh_268db5519a17' AND `manager_id` = 1  [ RunTime:0.0003s ]
SQL: SELECT * FROM `wp_user_tag` WHERE `token` = 'gh_268db5519a17'  [ RunTime:0.0002s ]

[ 2017-08-22T08:15:45+08:00 ] 192.168.1.169 /index.php?s=/w16/UserCenter/UserCenter/lists/group_id/276.html
SQL: SELECT * FROM `wp_apps_link` WHERE `uid` = 1  [ RunTime:0.0004s ]
SQL: SELECT * FROM `wp_menu` WHERE `place` = 0 AND `is_hide` = 0 ORDER BY sort asc, id asc  [ RunTime:0.0006s ]
SQL: SELECT `uid` FROM `wp_auth_group_access` WHERE `group_id` = 276  [ RunTime:0.0003s ]
SQL: SHOW COLUMNS FROM `wp_apps_follow` [ RunTime:0.0007s ]
SQL: SELECT u.uid,f.openid FROM wp_apps_follow as f INNER JOIN wp_user as u ON f.uid=u.uid  WHERE u.status > 0 AND f.token = 'gh_268db5519a17' AND f.has_subscribe = 1 AND f.uid = 0 ORDER BY u.uid desc LIMIT 0,20   [ RunTime:0.0002s ]
SQL: SHOW COLUMNS FROM `wp_apps_follow` [ RunTime:0.0004s ]
SQL: SELECT COUNT(*) AS tp_count FROM wp_apps_follow as f INNER JOIN wp_user as u ON f.uid=u.uid  WHERE u.status > 0 AND f.token = 'gh_268db5519a17' AND f.has_subscribe = 1 AND f.uid = 0 LIMIT 1   [ RunTime:0.0002s ]
SQL: SELECT * FROM `wp_auth_group` WHERE `token` = 'gh_268db5519a17' AND `manager_id` = 1  [ RunTime:0.0003s ]
SQL: SELECT * FROM `wp_user_tag` WHERE `token` = 'gh_268db5519a17'  [ RunTime:0.0003s ]

[ 2017-08-22T08:17:55+08:00 ] 192.168.1.169 /index.php?s=/w16/UserCenter/UserCenter/lists.html&mdm=15
SQL: SELECT * FROM `wp_apps_link` WHERE `uid` = 1  [ RunTime:0.0003s ]
SQL: SELECT * FROM `wp_menu` WHERE `place` = 0 AND `is_hide` = 0 ORDER BY sort asc, id asc  [ RunTime:0.0006s ]
SQL: SHOW COLUMNS FROM `wp_apps_follow` [ RunTime:0.0008s ]
SQL: SELECT u.uid,f.openid FROM wp_apps_follow as f INNER JOIN wp_user as u ON f.uid=u.uid  WHERE u.status > 0 AND f.token = 'gh_268db5519a17' AND f.has_subscribe = 1 ORDER BY u.uid desc LIMIT 0,20   [ RunTime:0.0004s ]
SQL: SHOW COLUMNS FROM `wp_apps_follow` [ RunTime:0.0004s ]
SQL: SELECT COUNT(*) AS tp_count FROM wp_apps_follow as f INNER JOIN wp_user as u ON f.uid=u.uid  WHERE u.status > 0 AND f.token = 'gh_268db5519a17' AND f.has_subscribe = 1 LIMIT 1   [ RunTime:0.0003s ]
SQL: SELECT * FROM `wp_auth_group` WHERE `token` = 'gh_268db5519a17' AND `manager_id` = 1  [ RunTime:0.0003s ]
SQL: SELECT * FROM `wp_user_tag` WHERE `token` = 'gh_268db5519a17'  [ RunTime:0.0003s ]

[ 2017-08-22T08:28:48+08:00 ] 192.168.1.169 /index.php?s=/w16/UserCenter/UserCenter/lists.html&seIds=&isAjax=1
SQL: SELECT * FROM `wp_apps_link` WHERE `uid` = 1  [ RunTime:0.0004s ]
SQL: SELECT * FROM `wp_menu` WHERE `place` = 0 AND `is_hide` = 0 ORDER BY sort asc, id asc  [ RunTime:0.0007s ]
SQL: SHOW COLUMNS FROM `wp_apps_follow` [ RunTime:0.0017s ]
SQL: SELECT u.uid,f.openid FROM wp_apps_follow as f INNER JOIN wp_user as u ON f.uid=u.uid  WHERE u.status > 0 AND f.token = 'gh_268db5519a17' AND f.has_subscribe = 1 ORDER BY u.uid desc LIMIT 0,20   [ RunTime:0.0013s ]
SQL: SHOW COLUMNS FROM `wp_apps_follow` [ RunTime:0.0007s ]
SQL: SELECT COUNT(*) AS tp_count FROM wp_apps_follow as f INNER JOIN wp_user as u ON f.uid=u.uid  WHERE u.status > 0 AND f.token = 'gh_268db5519a17' AND f.has_subscribe = 1 LIMIT 1   [ RunTime:0.0003s ]
SQL: SELECT * FROM `wp_auth_group` WHERE `token` = 'gh_268db5519a17' AND `manager_id` = 1  [ RunTime:0.0006s ]
SQL: SELECT * FROM `wp_user_tag` WHERE `token` = 'gh_268db5519a17'  [ RunTime:0.0005s ]

[ 2017-08-22T08:29:11+08:00 ] 192.168.1.169 /index.php?s=/w16/UserCenter/UserCenter/lists.html&seIds=&isAjax=1
SQL: SELECT * FROM `wp_apps_link` WHERE `uid` = 1  [ RunTime:0.0005s ]
SQL: SELECT * FROM `wp_menu` WHERE `place` = 0 AND `is_hide` = 0 ORDER BY sort asc, id asc  [ RunTime:0.0008s ]
SQL: SHOW COLUMNS FROM `wp_apps_follow` [ RunTime:0.0015s ]
SQL: SELECT u.uid,f.openid FROM wp_apps_follow as f INNER JOIN wp_user as u ON f.uid=u.uid  WHERE u.status > 0 AND f.token = 'gh_268db5519a17' AND f.has_subscribe = 1 ORDER BY u.uid desc LIMIT 0,20   [ RunTime:0.0007s ]
SQL: SHOW COLUMNS FROM `wp_apps_follow` [ RunTime:0.0005s ]
SQL: SELECT COUNT(*) AS tp_count FROM wp_apps_follow as f INNER JOIN wp_user as u ON f.uid=u.uid  WHERE u.status > 0 AND f.token = 'gh_268db5519a17' AND f.has_subscribe = 1 LIMIT 1   [ RunTime:0.0004s ]
SQL: SELECT * FROM `wp_auth_group` WHERE `token` = 'gh_268db5519a17' AND `manager_id` = 1  [ RunTime:0.0004s ]
SQL: SELECT * FROM `wp_user_tag` WHERE `token` = 'gh_268db5519a17'  [ RunTime:0.0002s ]

[ 2017-08-22T08:33:07+08:00 ] 192.168.1.169 /index.php?s=/w16/UserCenter/UserCenter/lists.html&isAjax=ajax&isRadio=1
SQL: SELECT * FROM `wp_apps_link` WHERE `uid` = 1  [ RunTime:0.0004s ]
SQL: SELECT * FROM `wp_menu` WHERE `place` = 0 AND `is_hide` = 0 ORDER BY sort asc, id asc  [ RunTime:0.0009s ]
SQL: SHOW COLUMNS FROM `wp_apps_follow` [ RunTime:0.0007s ]
SQL: SELECT u.uid,f.openid FROM wp_apps_follow as f INNER JOIN wp_user as u ON f.uid=u.uid  WHERE u.status > 0 AND f.token = 'gh_268db5519a17' AND f.has_subscribe = 1 ORDER BY u.uid desc LIMIT 0,20   [ RunTime:0.0005s ]
SQL: SHOW COLUMNS FROM `wp_apps_follow` [ RunTime:0.0004s ]
SQL: SELECT COUNT(*) AS tp_count FROM wp_apps_follow as f INNER JOIN wp_user as u ON f.uid=u.uid  WHERE u.status > 0 AND f.token = 'gh_268db5519a17' AND f.has_subscribe = 1 LIMIT 1   [ RunTime:0.0003s ]
SQL: SELECT * FROM `wp_auth_group` WHERE `token` = 'gh_268db5519a17' AND `manager_id` = 1  [ RunTime:0.0003s ]
SQL: SELECT * FROM `wp_user_tag` WHERE `token` = 'gh_268db5519a17'  [ RunTime:0.0004s ]

[ 2017-08-22T08:33:27+08:00 ] 192.168.1.169 /index.php?s=/w16/UserCenter/UserCenter/lists.html&isAjax=ajax&isRadio=1
SQL: SELECT * FROM `wp_apps_link` WHERE `uid` = 1  [ RunTime:0.0006s ]
SQL: SELECT * FROM `wp_menu` WHERE `place` = 0 AND `is_hide` = 0 ORDER BY sort asc, id asc  [ RunTime:0.0008s ]
SQL: SHOW COLUMNS FROM `wp_apps_follow` [ RunTime:0.0007s ]
SQL: SELECT u.uid,f.openid FROM wp_apps_follow as f INNER JOIN wp_user as u ON f.uid=u.uid  WHERE u.status > 0 AND f.token = 'gh_268db5519a17' AND f.has_subscribe = 1 ORDER BY u.uid desc LIMIT 0,20   [ RunTime:0.0005s ]
SQL: SHOW COLUMNS FROM `wp_apps_follow` [ RunTime:0.0005s ]
SQL: SELECT COUNT(*) AS tp_count FROM wp_apps_follow as f INNER JOIN wp_user as u ON f.uid=u.uid  WHERE u.status > 0 AND f.token = 'gh_268db5519a17' AND f.has_subscribe = 1 LIMIT 1   [ RunTime:0.0005s ]
SQL: SELECT * FROM `wp_auth_group` WHERE `token` = 'gh_268db5519a17' AND `manager_id` = 1  [ RunTime:0.0006s ]
SQL: SELECT * FROM `wp_user_tag` WHERE `token` = 'gh_268db5519a17'  [ RunTime:0.0005s ]

[ 2017-08-22T08:38:36+08:00 ] 192.168.1.169 /index.php?s=/w16/UserCenter/UserCenter/lists.html&mdm=15
SQL: SELECT * FROM `wp_apps_link` WHERE `uid` = 1  [ RunTime:0.0003s ]
SQL: SELECT * FROM `wp_menu` WHERE `place` = 0 AND `is_hide` = 0 ORDER BY sort asc, id asc  [ RunTime:0.0006s ]
SQL: SHOW COLUMNS FROM `wp_apps_follow` [ RunTime:0.0006s ]
SQL: SELECT u.uid,f.openid FROM wp_apps_follow as f INNER JOIN wp_user as u ON f.uid=u.uid  WHERE u.status > 0 AND f.token = 'gh_268db5519a17' AND f.has_subscribe = 1 ORDER BY u.uid desc LIMIT 0,20   [ RunTime:0.0005s ]
SQL: SHOW COLUMNS FROM `wp_apps_follow` [ RunTime:0.0004s ]
SQL: SELECT COUNT(*) AS tp_count FROM wp_apps_follow as f INNER JOIN wp_user as u ON f.uid=u.uid  WHERE u.status > 0 AND f.token = 'gh_268db5519a17' AND f.has_subscribe = 1 LIMIT 1   [ RunTime:0.0003s ]
SQL: SELECT * FROM `wp_auth_group` WHERE `token` = 'gh_268db5519a17' AND `manager_id` = 1  [ RunTime:0.0002s ]
SQL: SELECT * FROM `wp_user_tag` WHERE `token` = 'gh_268db5519a17'  [ RunTime:0.0003s ]

