[ 2017-08-22T08:30:07+08:00 ] 192.168.1.169 /index.php?s=/w16/Servicer/Servicer/lists.html&mdm=45|338
SQL: SELECT * FROM `wp_apps_link` WHERE `uid` = 1  [ RunTime:0.0003s ]
SQL: SELECT * FROM `wp_menu` WHERE `place` = 0 AND `is_hide` = 0 ORDER BY sort asc, id asc  [ RunTime:0.0007s ]
SQL: SELECT * FROM `wp_model` WHERE `name` = 'servicer' LIMIT 1   [ RunTime:0.0004s ]
SQL: SELECT * FROM `wp_model` WHERE `id` = 1153 LIMIT 1   [ RunTime:0.0003s ]
SQL: SHOW COLUMNS FROM `wp_servicer` [ RunTime:0.0016s ]
SQL: SELECT `id`,`uid`,`truename`,`mobile`,`role`,`enable`,`token` FROM `wp_servicer` WHERE `token` = 'gh_268db5519a17'  [ RunTime:0.0003s ]
SQL: SELECT * FROM `wp_model` WHERE `id` = 1153 LIMIT 1   [ RunTime:0.0002s ]

[ 2017-08-22T08:32:43+08:00 ] 192.168.1.169 /index.php?s=/w16/Servicer/Servicer/lists.html&mdm=45|338
SQL: SELECT * FROM `wp_apps_link` WHERE `uid` = 1  [ RunTime:0.0003s ]
SQL: SELECT * FROM `wp_menu` WHERE `place` = 0 AND `is_hide` = 0 ORDER BY sort asc, id asc  [ RunTime:0.0007s ]
SQL: SELECT * FROM `wp_model` WHERE `id` = 1153 LIMIT 1   [ RunTime:0.0003s ]
SQL: SELECT `id`,`uid`,`truename`,`mobile`,`role`,`enable`,`token` FROM `wp_servicer` WHERE `token` = 'gh_268db5519a17'  [ RunTime:0.0004s ]
SQL: SELECT * FROM `wp_model` WHERE `id` = 1153 LIMIT 1   [ RunTime:0.0002s ]

[ 2017-08-22T08:32:57+08:00 ] 192.168.1.169 /index.php?s=/w16/Servicer/Servicer/add/model/1153/mdm/45%7C338.html
SQL: SELECT * FROM `wp_apps_link` WHERE `uid` = 1  [ RunTime:0.0003s ]
SQL: SELECT * FROM `wp_menu` WHERE `place` = 0 AND `is_hide` = 0 ORDER BY sort asc, id asc  [ RunTime:0.0008s ]
SQL: SELECT * FROM `wp_model` WHERE `id` = 1153 LIMIT 1   [ RunTime:0.0003s ]
SQL: SELECT * FROM `wp_model` WHERE `id` = 1153 LIMIT 1   [ RunTime:0.0004s ]

[ 2017-08-22T08:33:01+08:00 ] 192.168.1.169 /index.php?s=/w16/Servicer/Servicer/lists.html
SQL: SELECT * FROM `wp_apps_link` WHERE `uid` = 1  [ RunTime:0.0008s ]
SQL: SELECT * FROM `wp_menu` WHERE `place` = 0 AND `is_hide` = 0 ORDER BY sort asc, id asc  [ RunTime:0.0007s ]
SQL: SELECT * FROM `wp_model` WHERE `id` = 1153 LIMIT 1   [ RunTime:0.0004s ]
SQL: SELECT `id`,`uid`,`truename`,`mobile`,`role`,`enable`,`token` FROM `wp_servicer` WHERE `token` = 'gh_268db5519a17'  [ RunTime:0.0004s ]
SQL: SELECT * FROM `wp_model` WHERE `id` = 1153 LIMIT 1   [ RunTime:0.0002s ]

[ 2017-08-22T08:33:04+08:00 ] 192.168.1.169 /index.php?s=/w16/Servicer/Servicer/add/model/1153.html
SQL: SELECT * FROM `wp_apps_link` WHERE `uid` = 1  [ RunTime:0.0003s ]
SQL: SELECT * FROM `wp_menu` WHERE `place` = 0 AND `is_hide` = 0 ORDER BY sort asc, id asc  [ RunTime:0.0007s ]
SQL: SELECT * FROM `wp_model` WHERE `id` = 1153 LIMIT 1   [ RunTime:0.0003s ]
SQL: SELECT * FROM `wp_model` WHERE `id` = 1153 LIMIT 1   [ RunTime:0.0003s ]

[ 2017-08-22T08:33:22+08:00 ] 192.168.1.169 /index.php?s=/w16/Servicer/Servicer/lists.html
SQL: SELECT * FROM `wp_apps_link` WHERE `uid` = 1  [ RunTime:0.0004s ]
SQL: SELECT * FROM `wp_menu` WHERE `place` = 0 AND `is_hide` = 0 ORDER BY sort asc, id asc  [ RunTime:0.0007s ]
SQL: SELECT * FROM `wp_model` WHERE `id` = 1153 LIMIT 1   [ RunTime:0.0003s ]
SQL: SELECT `id`,`uid`,`truename`,`mobile`,`role`,`enable`,`token` FROM `wp_servicer` WHERE `token` = 'gh_268db5519a17'  [ RunTime:0.0005s ]
SQL: SELECT * FROM `wp_model` WHERE `id` = 1153 LIMIT 1   [ RunTime:0.0003s ]

[ 2017-08-22T08:33:24+08:00 ] 192.168.1.169 /index.php?s=/w16/Servicer/Servicer/add/model/1153.html
SQL: SELECT * FROM `wp_apps_link` WHERE `uid` = 1  [ RunTime:0.0003s ]
SQL: SELECT * FROM `wp_menu` WHERE `place` = 0 AND `is_hide` = 0 ORDER BY sort asc, id asc  [ RunTime:0.0007s ]
SQL: SELECT * FROM `wp_model` WHERE `id` = 1153 LIMIT 1   [ RunTime:0.0003s ]
SQL: SELECT * FROM `wp_model` WHERE `id` = 1153 LIMIT 1   [ RunTime:0.0004s ]

[ 2017-08-22T08:33:43+08:00 ] 192.168.1.169 /index.php?s=/w16/Servicer/Servicer/add.html
SQL: SELECT * FROM `wp_apps_link` WHERE `uid` = 1  [ RunTime:0.0003s ]
SQL: INSERT INTO `wp_admin_log` (`uid`,`ip`,`mod`,`cTime`,`content`) VALUES ('1','192.168.1.169','Servicer','1503362023','http://wechat02.56br.com/index.php?s=/w16/Servicer/Servicer/add.html
POST: array (
  \'uid\' => \'166\',
  \'truename\' => \'张\',
  \'mobile\' => \'13020084949\',
  \'role\' => 
  array (
    0 => \'2\',
  ),
  \'enable\' => \'1\',
); 
') [ RunTime:0.0003s ]
SQL: SELECT * FROM `wp_model` WHERE `id` = 1153 LIMIT 1   [ RunTime:0.0002s ]
SQL: SELECT * FROM `wp_model` WHERE `id` = 1153 LIMIT 1   [ RunTime:0.0002s ]
SQL: INSERT INTO `wp_servicer` (`uid`,`truename`,`mobile`,`role`,`enable`,`token`) VALUES ('166','张','13020084949','2','1','gh_268db5519a17') [ RunTime:0.0009s ]

[ 2017-08-22T08:33:44+08:00 ] 192.168.1.169 /index.php?s=/w16/Servicer/Servicer/lists/model/servicer.html
SQL: SELECT * FROM `wp_apps_link` WHERE `uid` = 1  [ RunTime:0.0003s ]
SQL: SELECT * FROM `wp_menu` WHERE `place` = 0 AND `is_hide` = 0 ORDER BY sort asc, id asc  [ RunTime:0.0007s ]
SQL: SELECT * FROM `wp_model` WHERE `id` = 1153 LIMIT 1   [ RunTime:0.0003s ]
SQL: SELECT `id`,`uid`,`truename`,`mobile`,`role`,`enable`,`token` FROM `wp_servicer` WHERE `token` = 'gh_268db5519a17'  [ RunTime:0.0004s ]
SQL: SELECT * FROM `wp_model` WHERE `id` = 1153 LIMIT 1   [ RunTime:0.0002s ]

[ 2017-08-22T08:44:31+08:00 ] 192.168.1.169 /index.php?s=/w16/Servicer/Servicer/lists.html&mdm=45|338
SQL: SELECT * FROM `wp_apps_link` WHERE `uid` = 1  [ RunTime:0.0003s ]
SQL: SELECT * FROM `wp_menu` WHERE `place` = 0 AND `is_hide` = 0 ORDER BY sort asc, id asc  [ RunTime:0.0006s ]
SQL: SELECT * FROM `wp_model` WHERE `id` = 1153 LIMIT 1   [ RunTime:0.0003s ]
SQL: SELECT `id`,`uid`,`truename`,`mobile`,`role`,`enable`,`token` FROM `wp_servicer` WHERE `token` = 'gh_268db5519a17'  [ RunTime:0.0004s ]
SQL: SELECT * FROM `wp_model` WHERE `id` = 1153 LIMIT 1   [ RunTime:0.0002s ]

