[ 2017-08-22T08:29:16+08:00 ] 192.168.1.169 /index.php?s=/w16/Leaflets/Leaflets/config.html&mdm=45|49
NOTIC: [2] Cannot redeclare class Think\Action D:\webServer\www\wll\wechat.56br.com\ThinkPHP\Library\Think\ManageBaseController.class.php 第 310 行.
NOTIC: [2048] Declaration of Addons\Leaflets\Controller\LeafletsController::show() should be compatible with Think\Controller::show($content, $charset = '', $contentType = '', $prefix = '') D:\webServer\www\wll\wechat.56br.com\Addons\Leaflets\Controller\LeafletsController.class.php 第 7 行.
NOTIC: [8] Undefined index: uid D:\webServer\www\wll\wechat.56br.com\ThinkPHP\Library\Think\ManageBaseController.class.php 第 153 行.
NOTIC: [8] Undefined variable: tongji_code D:\webServer\www\wll\wechat.56br.com\ThinkPHP\Library\Think\ManageBaseController.class.php 第 120 行.
NOTIC: [8] Undefined index: group_id D:\webServer\www\wll\wechat.56br.com\Application\Common\Model\AddonStatusModel.class.php 第 50 行.
NOTIC: [8] Undefined variable: addons D:\webServer\www\wll\wechat.56br.com\Application\Common\Common\function.php 第 501 行.
NOTIC: [8] Undefined variable: addons D:\webServer\www\wll\wechat.56br.com\Application\Common\Common\function.php 第 501 行.
NOTIC: [8] Undefined variable: addons D:\webServer\www\wll\wechat.56br.com\Application\Common\Common\function.php 第 501 行.
NOTIC: [8] Undefined variable: addons D:\webServer\www\wll\wechat.56br.com\Application\Common\Common\function.php 第 501 行.
NOTIC: [8] Undefined variable: addons D:\webServer\www\wll\wechat.56br.com\Application\Common\Common\function.php 第 501 行.
NOTIC: [8] Undefined variable: addons D:\webServer\www\wll\wechat.56br.com\Application\Common\Common\function.php 第 501 行.
NOTIC: [8] Undefined variable: addons D:\webServer\www\wll\wechat.56br.com\Application\Common\Common\function.php 第 501 行.
NOTIC: [8] Undefined variable: addons D:\webServer\www\wll\wechat.56br.com\Application\Common\Common\function.php 第 501 行.
NOTIC: [8] Undefined variable: addons D:\webServer\www\wll\wechat.56br.com\Application\Common\Common\function.php 第 501 行.
NOTIC: [8] Undefined variable: addons D:\webServer\www\wll\wechat.56br.com\Application\Common\Common\function.php 第 501 行.
NOTIC: [8] Undefined variable: addons D:\webServer\www\wll\wechat.56br.com\Application\Common\Common\function.php 第 501 行.
NOTIC: [8] Undefined variable: addons D:\webServer\www\wll\wechat.56br.com\Application\Common\Common\function.php 第 501 行.
NOTIC: [8] Undefined variable: addons D:\webServer\www\wll\wechat.56br.com\Application\Common\Common\function.php 第 501 行.
NOTIC: [8] Undefined variable: addons D:\webServer\www\wll\wechat.56br.com\Application\Common\Common\function.php 第 501 行.
NOTIC: [8] Undefined variable: addons D:\webServer\www\wll\wechat.56br.com\Application\Common\Common\function.php 第 501 行.
NOTIC: [8] Undefined variable: addons D:\webServer\www\wll\wechat.56br.com\Application\Common\Common\function.php 第 501 行.
NOTIC: [8] Undefined variable: addons D:\webServer\www\wll\wechat.56br.com\Application\Common\Common\function.php 第 501 行.
NOTIC: [8] Undefined variable: addons D:\webServer\www\wll\wechat.56br.com\Application\Common\Common\function.php 第 501 行.
NOTIC: [8] Undefined variable: addons D:\webServer\www\wll\wechat.56br.com\Application\Common\Common\function.php 第 501 行.
NOTIC: [8] Undefined variable: addons D:\webServer\www\wll\wechat.56br.com\Application\Common\Common\function.php 第 501 行.
NOTIC: [8] Undefined variable: addons D:\webServer\www\wll\wechat.56br.com\Application\Common\Common\function.php 第 501 行.
NOTIC: [8] Undefined variable: addons D:\webServer\www\wll\wechat.56br.com\Application\Common\Common\function.php 第 501 行.
NOTIC: [8] Undefined variable: addons D:\webServer\www\wll\wechat.56br.com\Application\Common\Common\function.php 第 501 行.
NOTIC: [8] Undefined variable: addons D:\webServer\www\wll\wechat.56br.com\Application\Common\Common\function.php 第 501 行.
NOTIC: [8] Undefined variable: addons D:\webServer\www\wll\wechat.56br.com\Application\Common\Common\function.php 第 501 行.
NOTIC: [8] Undefined variable: addons D:\webServer\www\wll\wechat.56br.com\Application\Common\Common\function.php 第 501 行.
NOTIC: [8] Undefined variable: addons D:\webServer\www\wll\wechat.56br.com\Application\Common\Common\function.php 第 501 行.
NOTIC: [8] Undefined variable: addons D:\webServer\www\wll\wechat.56br.com\Application\Common\Common\function.php 第 501 行.
NOTIC: [8] Undefined variable: addons D:\webServer\www\wll\wechat.56br.com\Application\Common\Common\function.php 第 501 行.
NOTIC: [8] Undefined variable: addons D:\webServer\www\wll\wechat.56br.com\Application\Common\Common\function.php 第 501 行.
NOTIC: [8] Undefined variable: addons D:\webServer\www\wll\wechat.56br.com\Application\Common\Common\function.php 第 501 行.
NOTIC: [8] Undefined variable: addons D:\webServer\www\wll\wechat.56br.com\Application\Common\Common\function.php 第 501 行.
NOTIC: [8] Undefined variable: addons D:\webServer\www\wll\wechat.56br.com\Application\Common\Common\function.php 第 501 行.
NOTIC: [8] Undefined variable: addons D:\webServer\www\wll\wechat.56br.com\Application\Common\Common\function.php 第 501 行.
NOTIC: [8] Undefined variable: addons D:\webServer\www\wll\wechat.56br.com\Application\Common\Common\function.php 第 501 行.
NOTIC: [8] Undefined variable: addons D:\webServer\www\wll\wechat.56br.com\Application\Common\Common\function.php 第 501 行.
NOTIC: [8] Undefined variable: addons D:\webServer\www\wll\wechat.56br.com\Application\Common\Common\function.php 第 501 行.
NOTIC: [8] Undefined variable: addons D:\webServer\www\wll\wechat.56br.com\Application\Common\Common\function.php 第 501 行.
NOTIC: [8] Undefined variable: addons D:\webServer\www\wll\wechat.56br.com\Application\Common\Common\function.php 第 501 行.
NOTIC: [8] Undefined variable: addons D:\webServer\www\wll\wechat.56br.com\Application\Common\Common\function.php 第 501 行.
NOTIC: [8] Undefined variable: addons D:\webServer\www\wll\wechat.56br.com\Application\Common\Common\function.php 第 501 行.
NOTIC: [8] Undefined variable: addons D:\webServer\www\wll\wechat.56br.com\Application\Common\Common\function.php 第 501 行.
NOTIC: [8] Undefined variable: addons D:\webServer\www\wll\wechat.56br.com\Application\Common\Common\function.php 第 501 行.
NOTIC: [8] Undefined variable: addons D:\webServer\www\wll\wechat.56br.com\Application\Common\Common\function.php 第 501 行.
NOTIC: [8] Undefined variable: addons D:\webServer\www\wll\wechat.56br.com\Application\Common\Common\function.php 第 501 行.
NOTIC: [8] Undefined variable: addons D:\webServer\www\wll\wechat.56br.com\Application\Common\Common\function.php 第 501 行.
NOTIC: [8] Undefined variable: addons D:\webServer\www\wll\wechat.56br.com\Application\Common\Common\function.php 第 501 行.
NOTIC: [8] Undefined variable: addons D:\webServer\www\wll\wechat.56br.com\Application\Common\Common\function.php 第 501 行.
NOTIC: [8] Undefined variable: addons D:\webServer\www\wll\wechat.56br.com\Application\Common\Common\function.php 第 501 行.
NOTIC: [8] Undefined offset: 14 D:\webServer\www\wll\wechat.56br.com\Application\Common\Model\MenuModel.class.php 第 94 行.
NOTIC: [8] Undefined offset: 14 D:\webServer\www\wll\wechat.56br.com\Application\Common\Model\MenuModel.class.php 第 104 行.
NOTIC: [8] Undefined offset: 60 D:\webServer\www\wll\wechat.56br.com\Application\Common\Model\MenuModel.class.php 第 94 行.
NOTIC: [8] Undefined offset: 60 D:\webServer\www\wll\wechat.56br.com\Application\Common\Model\MenuModel.class.php 第 104 行.
NOTIC: [8] Undefined index: img D:\webServer\www\wll\wechat.56br.com\Addons\Leaflets\Controller\LeafletsController.class.php 第 12 行.
NOTIC: [2] unlink(./Runtime/Temp/wechat_56br_com_9e0e059d68fe12d027cdfbaa9407106d.php): No such file or directory D:\webServer\www\wll\wechat.56br.com\ThinkPHP\Library\Think\Cache\Driver\File.class.php 第 157 行.
NOTIC: [2] unlink(./Runtime/Temp/wechat_56br_com_9e0e059d68fe12d027cdfbaa9407106d.php): No such file or directory D:\webServer\www\wll\wechat.56br.com\ThinkPHP\Library\Think\Cache\Driver\File.class.php 第 157 行.
NOTIC: [8] Array to string conversion D:\webServer\www\wll\wechat.56br.com\Application\Common\Model\AddonConfigModel.class.php 第 146 行.
NOTIC: [8] Use of undefined constant website_logo - assumed 'website_logo' D:\webServer\www\wll\wechat.56br.com\Runtime\Cache\Leaflets\174aaa2cc0d004e1b8c66edcf55a371b.php 第 64 行.
NOTIC: [8] Use of undefined constant headimgurl - assumed 'headimgurl' D:\webServer\www\wll\wechat.56br.com\Runtime\Cache\Leaflets\174aaa2cc0d004e1b8c66edcf55a371b.php 第 92 行.
NOTIC: [8] Undefined variable: output D:\webServer\www\wll\wechat.56br.com\Application\Common\Common\function.php 第 1644 行.
NOTIC: [8] Undefined variable: core_side_category D:\webServer\www\wll\wechat.56br.com\Runtime\Cache\Leaflets\174aaa2cc0d004e1b8c66edcf55a371b.php 第 132 行.
NOTIC: [8] Undefined index: title D:\webServer\www\wll\wechat.56br.com\Runtime\Cache\Leaflets\174aaa2cc0d004e1b8c66edcf55a371b.php 第 253 行.
NOTIC: [8] Undefined index: info D:\webServer\www\wll\wechat.56br.com\Runtime\Cache\Leaflets\174aaa2cc0d004e1b8c66edcf55a371b.php 第 259 行.
NOTIC: [8] Undefined index: copyright D:\webServer\www\wll\wechat.56br.com\Runtime\Cache\Leaflets\174aaa2cc0d004e1b8c66edcf55a371b.php 第 261 行.

[ 2017-08-22T08:29:25+08:00 ] 192.168.1.169 /index.php?s=/w16/Leaflets/Leaflets/config.html&mdm=45|49
NOTIC: [2] Cannot redeclare class Think\Action D:\webServer\www\wll\wechat.56br.com\ThinkPHP\Library\Think\ManageBaseController.class.php 第 310 行.
NOTIC: [2048] Declaration of Addons\Leaflets\Controller\LeafletsController::show() should be compatible with Think\Controller::show($content, $charset = '', $contentType = '', $prefix = '') D:\webServer\www\wll\wechat.56br.com\Addons\Leaflets\Controller\LeafletsController.class.php 第 7 行.

[ 2017-08-22T08:30:08+08:00 ] 192.168.1.169 /index.php?s=/w16/Leaflets/Leaflets/config.html&mdm=45|49
NOTIC: [2] Cannot redeclare class Think\Action D:\webServer\www\wll\wechat.56br.com\ThinkPHP\Library\Think\ManageBaseController.class.php 第 310 行.
NOTIC: [2048] Declaration of Addons\Leaflets\Controller\LeafletsController::show() should be compatible with Think\Controller::show($content, $charset = '', $contentType = '', $prefix = '') D:\webServer\www\wll\wechat.56br.com\Addons\Leaflets\Controller\LeafletsController.class.php 第 7 行.
NOTIC: [8] Undefined index: uid D:\webServer\www\wll\wechat.56br.com\ThinkPHP\Library\Think\ManageBaseController.class.php 第 153 行.
NOTIC: [8] Undefined variable: tongji_code D:\webServer\www\wll\wechat.56br.com\ThinkPHP\Library\Think\ManageBaseController.class.php 第 120 行.
NOTIC: [8] Undefined index: group_id D:\webServer\www\wll\wechat.56br.com\Application\Common\Model\AddonStatusModel.class.php 第 50 行.
NOTIC: [8] Undefined variable: addons D:\webServer\www\wll\wechat.56br.com\Application\Common\Common\function.php 第 501 行.
NOTIC: [8] Undefined variable: addons D:\webServer\www\wll\wechat.56br.com\Application\Common\Common\function.php 第 501 行.
NOTIC: [8] Undefined variable: addons D:\webServer\www\wll\wechat.56br.com\Application\Common\Common\function.php 第 501 行.
NOTIC: [8] Undefined variable: addons D:\webServer\www\wll\wechat.56br.com\Application\Common\Common\function.php 第 501 行.
NOTIC: [8] Undefined variable: addons D:\webServer\www\wll\wechat.56br.com\Application\Common\Common\function.php 第 501 行.
NOTIC: [8] Undefined variable: addons D:\webServer\www\wll\wechat.56br.com\Application\Common\Common\function.php 第 501 行.
NOTIC: [8] Undefined variable: addons D:\webServer\www\wll\wechat.56br.com\Application\Common\Common\function.php 第 501 行.
NOTIC: [8] Undefined variable: addons D:\webServer\www\wll\wechat.56br.com\Application\Common\Common\function.php 第 501 行.
NOTIC: [8] Undefined variable: addons D:\webServer\www\wll\wechat.56br.com\Application\Common\Common\function.php 第 501 行.
NOTIC: [8] Undefined variable: addons D:\webServer\www\wll\wechat.56br.com\Application\Common\Common\function.php 第 501 行.
NOTIC: [8] Undefined variable: addons D:\webServer\www\wll\wechat.56br.com\Application\Common\Common\function.php 第 501 行.
NOTIC: [8] Undefined variable: addons D:\webServer\www\wll\wechat.56br.com\Application\Common\Common\function.php 第 501 行.
NOTIC: [8] Undefined variable: addons D:\webServer\www\wll\wechat.56br.com\Application\Common\Common\function.php 第 501 行.
NOTIC: [8] Undefined variable: addons D:\webServer\www\wll\wechat.56br.com\Application\Common\Common\function.php 第 501 行.
NOTIC: [8] Undefined variable: addons D:\webServer\www\wll\wechat.56br.com\Application\Common\Common\function.php 第 501 行.
NOTIC: [8] Undefined variable: addons D:\webServer\www\wll\wechat.56br.com\Application\Common\Common\function.php 第 501 行.
NOTIC: [8] Undefined variable: addons D:\webServer\www\wll\wechat.56br.com\Application\Common\Common\function.php 第 501 行.
NOTIC: [8] Undefined variable: addons D:\webServer\www\wll\wechat.56br.com\Application\Common\Common\function.php 第 501 行.
NOTIC: [8] Undefined variable: addons D:\webServer\www\wll\wechat.56br.com\Application\Common\Common\function.php 第 501 行.
NOTIC: [8] Undefined variable: addons D:\webServer\www\wll\wechat.56br.com\Application\Common\Common\function.php 第 501 行.
NOTIC: [8] Undefined variable: addons D:\webServer\www\wll\wechat.56br.com\Application\Common\Common\function.php 第 501 行.
NOTIC: [8] Undefined variable: addons D:\webServer\www\wll\wechat.56br.com\Application\Common\Common\function.php 第 501 行.
NOTIC: [8] Undefined variable: addons D:\webServer\www\wll\wechat.56br.com\Application\Common\Common\function.php 第 501 行.
NOTIC: [8] Undefined variable: addons D:\webServer\www\wll\wechat.56br.com\Application\Common\Common\function.php 第 501 行.
NOTIC: [8] Undefined variable: addons D:\webServer\www\wll\wechat.56br.com\Application\Common\Common\function.php 第 501 行.
NOTIC: [8] Undefined variable: addons D:\webServer\www\wll\wechat.56br.com\Application\Common\Common\function.php 第 501 行.
NOTIC: [8] Undefined variable: addons D:\webServer\www\wll\wechat.56br.com\Application\Common\Common\function.php 第 501 行.
NOTIC: [8] Undefined variable: addons D:\webServer\www\wll\wechat.56br.com\Application\Common\Common\function.php 第 501 行.
NOTIC: [8] Undefined variable: addons D:\webServer\www\wll\wechat.56br.com\Application\Common\Common\function.php 第 501 行.
NOTIC: [8] Undefined variable: addons D:\webServer\www\wll\wechat.56br.com\Application\Common\Common\function.php 第 501 行.
NOTIC: [8] Undefined variable: addons D:\webServer\www\wll\wechat.56br.com\Application\Common\Common\function.php 第 501 行.
NOTIC: [8] Undefined variable: addons D:\webServer\www\wll\wechat.56br.com\Application\Common\Common\function.php 第 501 行.
NOTIC: [8] Undefined variable: addons D:\webServer\www\wll\wechat.56br.com\Application\Common\Common\function.php 第 501 行.
NOTIC: [8] Undefined variable: addons D:\webServer\www\wll\wechat.56br.com\Application\Common\Common\function.php 第 501 行.
NOTIC: [8] Undefined variable: addons D:\webServer\www\wll\wechat.56br.com\Application\Common\Common\function.php 第 501 行.
NOTIC: [8] Undefined variable: addons D:\webServer\www\wll\wechat.56br.com\Application\Common\Common\function.php 第 501 行.
NOTIC: [8] Undefined variable: addons D:\webServer\www\wll\wechat.56br.com\Application\Common\Common\function.php 第 501 行.
NOTIC: [8] Undefined variable: addons D:\webServer\www\wll\wechat.56br.com\Application\Common\Common\function.php 第 501 行.
NOTIC: [8] Undefined variable: addons D:\webServer\www\wll\wechat.56br.com\Application\Common\Common\function.php 第 501 行.
NOTIC: [8] Undefined variable: addons D:\webServer\www\wll\wechat.56br.com\Application\Common\Common\function.php 第 501 行.
NOTIC: [8] Undefined variable: addons D:\webServer\www\wll\wechat.56br.com\Application\Common\Common\function.php 第 501 行.
NOTIC: [8] Undefined variable: addons D:\webServer\www\wll\wechat.56br.com\Application\Common\Common\function.php 第 501 行.
NOTIC: [8] Undefined variable: addons D:\webServer\www\wll\wechat.56br.com\Application\Common\Common\function.php 第 501 行.
NOTIC: [8] Undefined variable: addons D:\webServer\www\wll\wechat.56br.com\Application\Common\Common\function.php 第 501 行.
NOTIC: [8] Undefined variable: addons D:\webServer\www\wll\wechat.56br.com\Application\Common\Common\function.php 第 501 行.
NOTIC: [8] Undefined variable: addons D:\webServer\www\wll\wechat.56br.com\Application\Common\Common\function.php 第 501 行.
NOTIC: [8] Undefined variable: addons D:\webServer\www\wll\wechat.56br.com\Application\Common\Common\function.php 第 501 行.
NOTIC: [8] Undefined variable: addons D:\webServer\www\wll\wechat.56br.com\Application\Common\Common\function.php 第 501 行.
NOTIC: [8] Undefined variable: addons D:\webServer\www\wll\wechat.56br.com\Application\Common\Common\function.php 第 501 行.
NOTIC: [8] Undefined offset: 14 D:\webServer\www\wll\wechat.56br.com\Application\Common\Model\MenuModel.class.php 第 94 行.
NOTIC: [8] Undefined offset: 14 D:\webServer\www\wll\wechat.56br.com\Application\Common\Model\MenuModel.class.php 第 104 行.
NOTIC: [8] Undefined offset: 60 D:\webServer\www\wll\wechat.56br.com\Application\Common\Model\MenuModel.class.php 第 94 行.
NOTIC: [8] Undefined offset: 60 D:\webServer\www\wll\wechat.56br.com\Application\Common\Model\MenuModel.class.php 第 104 行.
NOTIC: [8] Undefined index: img D:\webServer\www\wll\wechat.56br.com\Addons\Leaflets\Controller\LeafletsController.class.php 第 12 行.
NOTIC: [2] unlink(./Runtime/Temp/wechat_56br_com_9e0e059d68fe12d027cdfbaa9407106d.php): No such file or directory D:\webServer\www\wll\wechat.56br.com\ThinkPHP\Library\Think\Cache\Driver\File.class.php 第 157 行.
NOTIC: [2] unlink(./Runtime/Temp/wechat_56br_com_9e0e059d68fe12d027cdfbaa9407106d.php): No such file or directory D:\webServer\www\wll\wechat.56br.com\ThinkPHP\Library\Think\Cache\Driver\File.class.php 第 157 行.
NOTIC: [8] Array to string conversion D:\webServer\www\wll\wechat.56br.com\Application\Common\Model\AddonConfigModel.class.php 第 146 行.
NOTIC: [8] Use of undefined constant website_logo - assumed 'website_logo' D:\webServer\www\wll\wechat.56br.com\Runtime\Cache\Leaflets\174aaa2cc0d004e1b8c66edcf55a371b.php 第 64 行.
NOTIC: [8] Use of undefined constant headimgurl - assumed 'headimgurl' D:\webServer\www\wll\wechat.56br.com\Runtime\Cache\Leaflets\174aaa2cc0d004e1b8c66edcf55a371b.php 第 92 行.
NOTIC: [8] Undefined variable: output D:\webServer\www\wll\wechat.56br.com\Application\Common\Common\function.php 第 1644 行.
NOTIC: [8] Undefined variable: core_side_category D:\webServer\www\wll\wechat.56br.com\Runtime\Cache\Leaflets\174aaa2cc0d004e1b8c66edcf55a371b.php 第 132 行.
NOTIC: [8] Undefined index: title D:\webServer\www\wll\wechat.56br.com\Runtime\Cache\Leaflets\174aaa2cc0d004e1b8c66edcf55a371b.php 第 253 行.
NOTIC: [8] Undefined index: info D:\webServer\www\wll\wechat.56br.com\Runtime\Cache\Leaflets\174aaa2cc0d004e1b8c66edcf55a371b.php 第 259 行.
NOTIC: [8] Undefined index: copyright D:\webServer\www\wll\wechat.56br.com\Runtime\Cache\Leaflets\174aaa2cc0d004e1b8c66edcf55a371b.php 第 261 行.

[ 2017-08-22T08:31:50+08:00 ] 192.168.1.169 /index.php?s=/w16/Leaflets/Leaflets/config.html
NOTIC: [2] Cannot redeclare class Think\Action D:\webServer\www\wll\wechat.56br.com\ThinkPHP\Library\Think\ManageBaseController.class.php 第 310 行.
NOTIC: [2048] Declaration of Addons\Leaflets\Controller\LeafletsController::show() should be compatible with Think\Controller::show($content, $charset = '', $contentType = '', $prefix = '') D:\webServer\www\wll\wechat.56br.com\Addons\Leaflets\Controller\LeafletsController.class.php 第 7 行.
NOTIC: [8] Undefined index: uid D:\webServer\www\wll\wechat.56br.com\ThinkPHP\Library\Think\ManageBaseController.class.php 第 153 行.
NOTIC: [8] Undefined variable: tongji_code D:\webServer\www\wll\wechat.56br.com\ThinkPHP\Library\Think\ManageBaseController.class.php 第 120 行.
NOTIC: [8] Undefined index: img D:\webServer\www\wll\wechat.56br.com\Addons\Leaflets\Controller\LeafletsController.class.php 第 12 行.
NOTIC: [2] unlink(./Runtime/Temp/wechat_56br_com_9e0e059d68fe12d027cdfbaa9407106d.php): No such file or directory D:\webServer\www\wll\wechat.56br.com\ThinkPHP\Library\Think\Cache\Driver\File.class.php 第 157 行.
NOTIC: [2] unlink(./Runtime/Temp/wechat_56br_com_9e0e059d68fe12d027cdfbaa9407106d.php): No such file or directory D:\webServer\www\wll\wechat.56br.com\ThinkPHP\Library\Think\Cache\Driver\File.class.php 第 157 行.

[ 2017-08-22T08:31:51+08:00 ] 192.168.1.169 /index.php?s=/w16/Leaflets/Leaflets/config.html&mdm=45|49
NOTIC: [2] Cannot redeclare class Think\Action D:\webServer\www\wll\wechat.56br.com\ThinkPHP\Library\Think\ManageBaseController.class.php 第 310 行.
NOTIC: [2048] Declaration of Addons\Leaflets\Controller\LeafletsController::show() should be compatible with Think\Controller::show($content, $charset = '', $contentType = '', $prefix = '') D:\webServer\www\wll\wechat.56br.com\Addons\Leaflets\Controller\LeafletsController.class.php 第 7 行.
NOTIC: [8] Undefined index: uid D:\webServer\www\wll\wechat.56br.com\ThinkPHP\Library\Think\ManageBaseController.class.php 第 153 行.
NOTIC: [8] Undefined variable: tongji_code D:\webServer\www\wll\wechat.56br.com\ThinkPHP\Library\Think\ManageBaseController.class.php 第 120 行.
NOTIC: [8] Undefined index: group_id D:\webServer\www\wll\wechat.56br.com\Application\Common\Model\AddonStatusModel.class.php 第 50 行.
NOTIC: [8] Undefined variable: addons D:\webServer\www\wll\wechat.56br.com\Application\Common\Common\function.php 第 501 行.
NOTIC: [8] Undefined variable: addons D:\webServer\www\wll\wechat.56br.com\Application\Common\Common\function.php 第 501 行.
NOTIC: [8] Undefined variable: addons D:\webServer\www\wll\wechat.56br.com\Application\Common\Common\function.php 第 501 行.
NOTIC: [8] Undefined variable: addons D:\webServer\www\wll\wechat.56br.com\Application\Common\Common\function.php 第 501 行.
NOTIC: [8] Undefined variable: addons D:\webServer\www\wll\wechat.56br.com\Application\Common\Common\function.php 第 501 行.
NOTIC: [8] Undefined variable: addons D:\webServer\www\wll\wechat.56br.com\Application\Common\Common\function.php 第 501 行.
NOTIC: [8] Undefined variable: addons D:\webServer\www\wll\wechat.56br.com\Application\Common\Common\function.php 第 501 行.
NOTIC: [8] Undefined variable: addons D:\webServer\www\wll\wechat.56br.com\Application\Common\Common\function.php 第 501 行.
NOTIC: [8] Undefined variable: addons D:\webServer\www\wll\wechat.56br.com\Application\Common\Common\function.php 第 501 行.
NOTIC: [8] Undefined variable: addons D:\webServer\www\wll\wechat.56br.com\Application\Common\Common\function.php 第 501 行.
NOTIC: [8] Undefined variable: addons D:\webServer\www\wll\wechat.56br.com\Application\Common\Common\function.php 第 501 行.
NOTIC: [8] Undefined variable: addons D:\webServer\www\wll\wechat.56br.com\Application\Common\Common\function.php 第 501 行.
NOTIC: [8] Undefined variable: addons D:\webServer\www\wll\wechat.56br.com\Application\Common\Common\function.php 第 501 行.
NOTIC: [8] Undefined variable: addons D:\webServer\www\wll\wechat.56br.com\Application\Common\Common\function.php 第 501 行.
NOTIC: [8] Undefined variable: addons D:\webServer\www\wll\wechat.56br.com\Application\Common\Common\function.php 第 501 行.
NOTIC: [8] Undefined variable: addons D:\webServer\www\wll\wechat.56br.com\Application\Common\Common\function.php 第 501 行.
NOTIC: [8] Undefined variable: addons D:\webServer\www\wll\wechat.56br.com\Application\Common\Common\function.php 第 501 行.
NOTIC: [8] Undefined variable: addons D:\webServer\www\wll\wechat.56br.com\Application\Common\Common\function.php 第 501 行.
NOTIC: [8] Undefined variable: addons D:\webServer\www\wll\wechat.56br.com\Application\Common\Common\function.php 第 501 行.
NOTIC: [8] Undefined variable: addons D:\webServer\www\wll\wechat.56br.com\Application\Common\Common\function.php 第 501 行.
NOTIC: [8] Undefined variable: addons D:\webServer\www\wll\wechat.56br.com\Application\Common\Common\function.php 第 501 行.
NOTIC: [8] Undefined variable: addons D:\webServer\www\wll\wechat.56br.com\Application\Common\Common\function.php 第 501 行.
NOTIC: [8] Undefined variable: addons D:\webServer\www\wll\wechat.56br.com\Application\Common\Common\function.php 第 501 行.
NOTIC: [8] Undefined variable: addons D:\webServer\www\wll\wechat.56br.com\Application\Common\Common\function.php 第 501 行.
NOTIC: [8] Undefined variable: addons D:\webServer\www\wll\wechat.56br.com\Application\Common\Common\function.php 第 501 行.
NOTIC: [8] Undefined variable: addons D:\webServer\www\wll\wechat.56br.com\Application\Common\Common\function.php 第 501 行.
NOTIC: [8] Undefined variable: addons D:\webServer\www\wll\wechat.56br.com\Application\Common\Common\function.php 第 501 行.
NOTIC: [8] Undefined variable: addons D:\webServer\www\wll\wechat.56br.com\Application\Common\Common\function.php 第 501 行.
NOTIC: [8] Undefined variable: addons D:\webServer\www\wll\wechat.56br.com\Application\Common\Common\function.php 第 501 行.
NOTIC: [8] Undefined variable: addons D:\webServer\www\wll\wechat.56br.com\Application\Common\Common\function.php 第 501 行.
NOTIC: [8] Undefined variable: addons D:\webServer\www\wll\wechat.56br.com\Application\Common\Common\function.php 第 501 行.
NOTIC: [8] Undefined variable: addons D:\webServer\www\wll\wechat.56br.com\Application\Common\Common\function.php 第 501 行.
NOTIC: [8] Undefined variable: addons D:\webServer\www\wll\wechat.56br.com\Application\Common\Common\function.php 第 501 行.
NOTIC: [8] Undefined variable: addons D:\webServer\www\wll\wechat.56br.com\Application\Common\Common\function.php 第 501 行.
NOTIC: [8] Undefined variable: addons D:\webServer\www\wll\wechat.56br.com\Application\Common\Common\function.php 第 501 行.
NOTIC: [8] Undefined variable: addons D:\webServer\www\wll\wechat.56br.com\Application\Common\Common\function.php 第 501 行.
NOTIC: [8] Undefined variable: addons D:\webServer\www\wll\wechat.56br.com\Application\Common\Common\function.php 第 501 行.
NOTIC: [8] Undefined variable: addons D:\webServer\www\wll\wechat.56br.com\Application\Common\Common\function.php 第 501 行.
NOTIC: [8] Undefined variable: addons D:\webServer\www\wll\wechat.56br.com\Application\Common\Common\function.php 第 501 行.
NOTIC: [8] Undefined variable: addons D:\webServer\www\wll\wechat.56br.com\Application\Common\Common\function.php 第 501 行.
NOTIC: [8] Undefined variable: addons D:\webServer\www\wll\wechat.56br.com\Application\Common\Common\function.php 第 501 行.
NOTIC: [8] Undefined variable: addons D:\webServer\www\wll\wechat.56br.com\Application\Common\Common\function.php 第 501 行.
NOTIC: [8] Undefined variable: addons D:\webServer\www\wll\wechat.56br.com\Application\Common\Common\function.php 第 501 行.
NOTIC: [8] Undefined variable: addons D:\webServer\www\wll\wechat.56br.com\Application\Common\Common\function.php 第 501 行.
NOTIC: [8] Undefined variable: addons D:\webServer\www\wll\wechat.56br.com\Application\Common\Common\function.php 第 501 行.
NOTIC: [8] Undefined variable: addons D:\webServer\www\wll\wechat.56br.com\Application\Common\Common\function.php 第 501 行.
NOTIC: [8] Undefined variable: addons D:\webServer\www\wll\wechat.56br.com\Application\Common\Common\function.php 第 501 行.
NOTIC: [8] Undefined variable: addons D:\webServer\www\wll\wechat.56br.com\Application\Common\Common\function.php 第 501 行.
NOTIC: [8] Undefined variable: addons D:\webServer\www\wll\wechat.56br.com\Application\Common\Common\function.php 第 501 行.
NOTIC: [8] Undefined offset: 14 D:\webServer\www\wll\wechat.56br.com\Application\Common\Model\MenuModel.class.php 第 94 行.
NOTIC: [8] Undefined offset: 14 D:\webServer\www\wll\wechat.56br.com\Application\Common\Model\MenuModel.class.php 第 104 行.
NOTIC: [8] Undefined offset: 60 D:\webServer\www\wll\wechat.56br.com\Application\Common\Model\MenuModel.class.php 第 94 行.
NOTIC: [8] Undefined offset: 60 D:\webServer\www\wll\wechat.56br.com\Application\Common\Model\MenuModel.class.php 第 104 行.
NOTIC: [8] Undefined variable: thumb D:\webServer\www\wll\wechat.56br.com\Application\Common\Common\function.php 第 1074 行.
NOTIC: [2] unlink(./Runtime/Temp/wechat_56br_com_9e0e059d68fe12d027cdfbaa9407106d.php): No such file or directory D:\webServer\www\wll\wechat.56br.com\ThinkPHP\Library\Think\Cache\Driver\File.class.php 第 157 行.
NOTIC: [2] unlink(./Runtime/Temp/wechat_56br_com_9e0e059d68fe12d027cdfbaa9407106d.php): No such file or directory D:\webServer\www\wll\wechat.56br.com\ThinkPHP\Library\Think\Cache\Driver\File.class.php 第 157 行.
NOTIC: [8] Array to string conversion D:\webServer\www\wll\wechat.56br.com\Application\Common\Model\AddonConfigModel.class.php 第 146 行.
NOTIC: [8] Use of undefined constant website_logo - assumed 'website_logo' D:\webServer\www\wll\wechat.56br.com\Runtime\Cache\Leaflets\174aaa2cc0d004e1b8c66edcf55a371b.php 第 64 行.
NOTIC: [8] Use of undefined constant headimgurl - assumed 'headimgurl' D:\webServer\www\wll\wechat.56br.com\Runtime\Cache\Leaflets\174aaa2cc0d004e1b8c66edcf55a371b.php 第 92 行.
NOTIC: [8] Undefined variable: output D:\webServer\www\wll\wechat.56br.com\Application\Common\Common\function.php 第 1644 行.
NOTIC: [8] Undefined variable: core_side_category D:\webServer\www\wll\wechat.56br.com\Runtime\Cache\Leaflets\174aaa2cc0d004e1b8c66edcf55a371b.php 第 132 行.
NOTIC: [8] Undefined variable: thumb D:\webServer\www\wll\wechat.56br.com\Application\Common\Common\function.php 第 1074 行.

[ 2017-08-22T08:32:26+08:00 ] 192.168.1.169 /index.php?s=/w16/Leaflets/Leaflets/config.html
NOTIC: [2] Cannot redeclare class Think\Action D:\webServer\www\wll\wechat.56br.com\ThinkPHP\Library\Think\ManageBaseController.class.php 第 310 行.
NOTIC: [2048] Declaration of Addons\Leaflets\Controller\LeafletsController::show() should be compatible with Think\Controller::show($content, $charset = '', $contentType = '', $prefix = '') D:\webServer\www\wll\wechat.56br.com\Addons\Leaflets\Controller\LeafletsController.class.php 第 7 行.
NOTIC: [8] Undefined index: uid D:\webServer\www\wll\wechat.56br.com\ThinkPHP\Library\Think\ManageBaseController.class.php 第 153 行.
NOTIC: [8] Undefined variable: tongji_code D:\webServer\www\wll\wechat.56br.com\ThinkPHP\Library\Think\ManageBaseController.class.php 第 120 行.
NOTIC: [8] Undefined variable: thumb D:\webServer\www\wll\wechat.56br.com\Application\Common\Common\function.php 第 1074 行.
NOTIC: [2] unlink(./Runtime/Temp/wechat_56br_com_9e0e059d68fe12d027cdfbaa9407106d.php): No such file or directory D:\webServer\www\wll\wechat.56br.com\ThinkPHP\Library\Think\Cache\Driver\File.class.php 第 157 行.
NOTIC: [2] unlink(./Runtime/Temp/wechat_56br_com_9e0e059d68fe12d027cdfbaa9407106d.php): No such file or directory D:\webServer\www\wll\wechat.56br.com\ThinkPHP\Library\Think\Cache\Driver\File.class.php 第 157 行.

[ 2017-08-22T08:32:28+08:00 ] 192.168.1.169 /index.php?s=/w16/Leaflets/Leaflets/config.html&mdm=45|49
NOTIC: [2] Cannot redeclare class Think\Action D:\webServer\www\wll\wechat.56br.com\ThinkPHP\Library\Think\ManageBaseController.class.php 第 310 行.
NOTIC: [2048] Declaration of Addons\Leaflets\Controller\LeafletsController::show() should be compatible with Think\Controller::show($content, $charset = '', $contentType = '', $prefix = '') D:\webServer\www\wll\wechat.56br.com\Addons\Leaflets\Controller\LeafletsController.class.php 第 7 行.
NOTIC: [8] Undefined index: uid D:\webServer\www\wll\wechat.56br.com\ThinkPHP\Library\Think\ManageBaseController.class.php 第 153 行.
NOTIC: [8] Undefined variable: tongji_code D:\webServer\www\wll\wechat.56br.com\ThinkPHP\Library\Think\ManageBaseController.class.php 第 120 行.
NOTIC: [8] Undefined index: group_id D:\webServer\www\wll\wechat.56br.com\Application\Common\Model\AddonStatusModel.class.php 第 50 行.
NOTIC: [8] Undefined variable: addons D:\webServer\www\wll\wechat.56br.com\Application\Common\Common\function.php 第 501 行.
NOTIC: [8] Undefined variable: addons D:\webServer\www\wll\wechat.56br.com\Application\Common\Common\function.php 第 501 行.
NOTIC: [8] Undefined variable: addons D:\webServer\www\wll\wechat.56br.com\Application\Common\Common\function.php 第 501 行.
NOTIC: [8] Undefined variable: addons D:\webServer\www\wll\wechat.56br.com\Application\Common\Common\function.php 第 501 行.
NOTIC: [8] Undefined variable: addons D:\webServer\www\wll\wechat.56br.com\Application\Common\Common\function.php 第 501 行.
NOTIC: [8] Undefined variable: addons D:\webServer\www\wll\wechat.56br.com\Application\Common\Common\function.php 第 501 行.
NOTIC: [8] Undefined variable: addons D:\webServer\www\wll\wechat.56br.com\Application\Common\Common\function.php 第 501 行.
NOTIC: [8] Undefined variable: addons D:\webServer\www\wll\wechat.56br.com\Application\Common\Common\function.php 第 501 行.
NOTIC: [8] Undefined variable: addons D:\webServer\www\wll\wechat.56br.com\Application\Common\Common\function.php 第 501 行.
NOTIC: [8] Undefined variable: addons D:\webServer\www\wll\wechat.56br.com\Application\Common\Common\function.php 第 501 行.
NOTIC: [8] Undefined variable: addons D:\webServer\www\wll\wechat.56br.com\Application\Common\Common\function.php 第 501 行.
NOTIC: [8] Undefined variable: addons D:\webServer\www\wll\wechat.56br.com\Application\Common\Common\function.php 第 501 行.
NOTIC: [8] Undefined variable: addons D:\webServer\www\wll\wechat.56br.com\Application\Common\Common\function.php 第 501 行.
NOTIC: [8] Undefined variable: addons D:\webServer\www\wll\wechat.56br.com\Application\Common\Common\function.php 第 501 行.
NOTIC: [8] Undefined variable: addons D:\webServer\www\wll\wechat.56br.com\Application\Common\Common\function.php 第 501 行.
NOTIC: [8] Undefined variable: addons D:\webServer\www\wll\wechat.56br.com\Application\Common\Common\function.php 第 501 行.
NOTIC: [8] Undefined variable: addons D:\webServer\www\wll\wechat.56br.com\Application\Common\Common\function.php 第 501 行.
NOTIC: [8] Undefined variable: addons D:\webServer\www\wll\wechat.56br.com\Application\Common\Common\function.php 第 501 行.
NOTIC: [8] Undefined variable: addons D:\webServer\www\wll\wechat.56br.com\Application\Common\Common\function.php 第 501 行.
NOTIC: [8] Undefined variable: addons D:\webServer\www\wll\wechat.56br.com\Application\Common\Common\function.php 第 501 行.
NOTIC: [8] Undefined variable: addons D:\webServer\www\wll\wechat.56br.com\Application\Common\Common\function.php 第 501 行.
NOTIC: [8] Undefined variable: addons D:\webServer\www\wll\wechat.56br.com\Application\Common\Common\function.php 第 501 行.
NOTIC: [8] Undefined variable: addons D:\webServer\www\wll\wechat.56br.com\Application\Common\Common\function.php 第 501 行.
NOTIC: [8] Undefined variable: addons D:\webServer\www\wll\wechat.56br.com\Application\Common\Common\function.php 第 501 行.
NOTIC: [8] Undefined variable: addons D:\webServer\www\wll\wechat.56br.com\Application\Common\Common\function.php 第 501 行.
NOTIC: [8] Undefined variable: addons D:\webServer\www\wll\wechat.56br.com\Application\Common\Common\function.php 第 501 行.
NOTIC: [8] Undefined variable: addons D:\webServer\www\wll\wechat.56br.com\Application\Common\Common\function.php 第 501 行.
NOTIC: [8] Undefined variable: addons D:\webServer\www\wll\wechat.56br.com\Application\Common\Common\function.php 第 501 行.
NOTIC: [8] Undefined variable: addons D:\webServer\www\wll\wechat.56br.com\Application\Common\Common\function.php 第 501 行.
NOTIC: [8] Undefined variable: addons D:\webServer\www\wll\wechat.56br.com\Application\Common\Common\function.php 第 501 行.
NOTIC: [8] Undefined variable: addons D:\webServer\www\wll\wechat.56br.com\Application\Common\Common\function.php 第 501 行.
NOTIC: [8] Undefined variable: addons D:\webServer\www\wll\wechat.56br.com\Application\Common\Common\function.php 第 501 行.
NOTIC: [8] Undefined variable: addons D:\webServer\www\wll\wechat.56br.com\Application\Common\Common\function.php 第 501 行.
NOTIC: [8] Undefined variable: addons D:\webServer\www\wll\wechat.56br.com\Application\Common\Common\function.php 第 501 行.
NOTIC: [8] Undefined variable: addons D:\webServer\www\wll\wechat.56br.com\Application\Common\Common\function.php 第 501 行.
NOTIC: [8] Undefined variable: addons D:\webServer\www\wll\wechat.56br.com\Application\Common\Common\function.php 第 501 行.
NOTIC: [8] Undefined variable: addons D:\webServer\www\wll\wechat.56br.com\Application\Common\Common\function.php 第 501 行.
NOTIC: [8] Undefined variable: addons D:\webServer\www\wll\wechat.56br.com\Application\Common\Common\function.php 第 501 行.
NOTIC: [8] Undefined variable: addons D:\webServer\www\wll\wechat.56br.com\Application\Common\Common\function.php 第 501 行.
NOTIC: [8] Undefined variable: addons D:\webServer\www\wll\wechat.56br.com\Application\Common\Common\function.php 第 501 行.
NOTIC: [8] Undefined variable: addons D:\webServer\www\wll\wechat.56br.com\Application\Common\Common\function.php 第 501 行.
NOTIC: [8] Undefined variable: addons D:\webServer\www\wll\wechat.56br.com\Application\Common\Common\function.php 第 501 行.
NOTIC: [8] Undefined variable: addons D:\webServer\www\wll\wechat.56br.com\Application\Common\Common\function.php 第 501 行.
NOTIC: [8] Undefined variable: addons D:\webServer\www\wll\wechat.56br.com\Application\Common\Common\function.php 第 501 行.
NOTIC: [8] Undefined variable: addons D:\webServer\www\wll\wechat.56br.com\Application\Common\Common\function.php 第 501 行.
NOTIC: [8] Undefined variable: addons D:\webServer\www\wll\wechat.56br.com\Application\Common\Common\function.php 第 501 行.
NOTIC: [8] Undefined variable: addons D:\webServer\www\wll\wechat.56br.com\Application\Common\Common\function.php 第 501 行.
NOTIC: [8] Undefined variable: addons D:\webServer\www\wll\wechat.56br.com\Application\Common\Common\function.php 第 501 行.
NOTIC: [8] Undefined variable: addons D:\webServer\www\wll\wechat.56br.com\Application\Common\Common\function.php 第 501 行.
NOTIC: [8] Undefined offset: 14 D:\webServer\www\wll\wechat.56br.com\Application\Common\Model\MenuModel.class.php 第 94 行.
NOTIC: [8] Undefined offset: 14 D:\webServer\www\wll\wechat.56br.com\Application\Common\Model\MenuModel.class.php 第 104 行.
NOTIC: [8] Undefined offset: 60 D:\webServer\www\wll\wechat.56br.com\Application\Common\Model\MenuModel.class.php 第 94 行.
NOTIC: [8] Undefined offset: 60 D:\webServer\www\wll\wechat.56br.com\Application\Common\Model\MenuModel.class.php 第 104 行.
NOTIC: [8] Undefined variable: thumb D:\webServer\www\wll\wechat.56br.com\Application\Common\Common\function.php 第 1074 行.
NOTIC: [2] unlink(./Runtime/Temp/wechat_56br_com_9e0e059d68fe12d027cdfbaa9407106d.php): No such file or directory D:\webServer\www\wll\wechat.56br.com\ThinkPHP\Library\Think\Cache\Driver\File.class.php 第 157 行.
NOTIC: [2] unlink(./Runtime/Temp/wechat_56br_com_9e0e059d68fe12d027cdfbaa9407106d.php): No such file or directory D:\webServer\www\wll\wechat.56br.com\ThinkPHP\Library\Think\Cache\Driver\File.class.php 第 157 行.
NOTIC: [8] Array to string conversion D:\webServer\www\wll\wechat.56br.com\Application\Common\Model\AddonConfigModel.class.php 第 146 行.
NOTIC: [8] Use of undefined constant website_logo - assumed 'website_logo' D:\webServer\www\wll\wechat.56br.com\Runtime\Cache\Leaflets\174aaa2cc0d004e1b8c66edcf55a371b.php 第 64 行.
NOTIC: [8] Use of undefined constant headimgurl - assumed 'headimgurl' D:\webServer\www\wll\wechat.56br.com\Runtime\Cache\Leaflets\174aaa2cc0d004e1b8c66edcf55a371b.php 第 92 行.
NOTIC: [8] Undefined variable: output D:\webServer\www\wll\wechat.56br.com\Application\Common\Common\function.php 第 1644 行.
NOTIC: [8] Undefined variable: core_side_category D:\webServer\www\wll\wechat.56br.com\Runtime\Cache\Leaflets\174aaa2cc0d004e1b8c66edcf55a371b.php 第 132 行.
NOTIC: [8] Undefined variable: thumb D:\webServer\www\wll\wechat.56br.com\Application\Common\Common\function.php 第 1074 行.

