[ 2017-08-22T08:29:16+08:00 ] 192.168.1.169 /index.php?s=/w16/Leaflets/Leaflets/config.html&mdm=45|49
SQL: SELECT * FROM `wp_apps_link` WHERE `uid` = 1  [ RunTime:0.0003s ]
SQL: SELECT * FROM `wp_menu` WHERE `place` = 0 AND `is_hide` = 0 ORDER BY sort asc, id asc  [ RunTime:0.0007s ]
SQL: SELECT * FROM `wp_model` WHERE `name` = 'leaflets' LIMIT 1   [ RunTime:0.0003s ]
SQL: SELECT * FROM `wp_model` WHERE `name` = 'leaflets' LIMIT 1   [ RunTime:0.0002s ]
SQL: SELECT * FROM `wp_addons` WHERE `name` = 'Leaflets' LIMIT 1   [ RunTime:0.0003s ]

[ 2017-08-22T08:30:08+08:00 ] 192.168.1.169 /index.php?s=/w16/Leaflets/Leaflets/config.html&mdm=45|49
SQL: SELECT * FROM `wp_apps_link` WHERE `uid` = 1  [ RunTime:0.0003s ]
SQL: SELECT * FROM `wp_menu` WHERE `place` = 0 AND `is_hide` = 0 ORDER BY sort asc, id asc  [ RunTime:0.0006s ]
SQL: SELECT * FROM `wp_model` WHERE `name` = 'leaflets' LIMIT 1   [ RunTime:0.0003s ]
SQL: SELECT * FROM `wp_model` WHERE `name` = 'leaflets' LIMIT 1   [ RunTime:0.0002s ]
SQL: SELECT * FROM `wp_addons` WHERE `name` = 'Leaflets' LIMIT 1   [ RunTime:0.0003s ]

[ 2017-08-22T08:31:50+08:00 ] 192.168.1.169 /index.php?s=/w16/Leaflets/Leaflets/config.html
SQL: SELECT * FROM `wp_apps_link` WHERE `uid` = 1  [ RunTime:0.0003s ]
SQL: INSERT INTO `wp_admin_log` (`uid`,`ip`,`mod`,`cTime`,`content`) VALUES ('1','124.127.144.68','Leaflets','1503361910','http://wechat02.56br.com/index.php?s=/w16/Leaflets/Leaflets/config.html
POST: array (
  \'config\' => 
  array (
    \'title\' => \'YCMS官方微信公众号\',
    \'img\' => \'941\',
    \'info\' => \'微信营销管理平台为个人和企业提供基于微信公众平台的一系列功能，包括智能回复、微信3G网站、互动营销活动，会员管理，在线订单，数据统计等系统功能,带给你全新的微信互动营销体验。\',
    \'copyright\' => \'©2001-2018 WeiPHP官方微信公众号版权所有\',
  ),
  \'id\' => \'42\',
); 
') [ RunTime:0.0008s ]
SQL: SELECT * FROM `wp_model` WHERE `name` = 'leaflets' LIMIT 1   [ RunTime:0.0004s ]
SQL: SELECT * FROM `wp_model` WHERE `name` = 'leaflets' LIMIT 1   [ RunTime:0.0002s ]
SQL: SELECT * FROM `wp_apps` WHERE `token` = 'gh_268db5519a17' LIMIT 1   [ RunTime:0.0004s ]
SQL: UPDATE `wp_apps` SET `addon_config`='{\"Leaflets\":{\"title\":\"YCMS\\u5b98\\u65b9\\u5fae\\u4fe1\\u516c\\u4f17\\u53f7\",\"img\":\"941\",\"info\":\"\\u5fae\\u4fe1\\u8425\\u9500\\u7ba1\\u7406\\u5e73\\u53f0\\u4e3a\\u4e2a\\u4eba\\u548c\\u4f01\\u4e1a\\u63d0\\u4f9b\\u57fa\\u4e8e\\u5fae\\u4fe1\\u516c\\u4f17\\u5e73\\u53f0\\u7684\\u4e00\\u7cfb\\u5217\\u529f\\u80fd\\uff0c\\u5305\\u62ec\\u667a\\u80fd\\u56de\\u590d\\u3001\\u5fae\\u4fe13G\\u7f51\\u7ad9\\u3001\\u4e92\\u52a8\\u8425\\u9500\\u6d3b\\u52a8\\uff0c\\u4f1a\\u5458\\u7ba1\\u7406\\uff0c\\u5728\\u7ebf\\u8ba2\\u5355\\uff0c\\u6570\\u636e\\u7edf\\u8ba1\\u7b49\\u7cfb\\u7edf\\u529f\\u80fd,\\u5e26\\u7ed9\\u4f60\\u5168\\u65b0\\u7684\\u5fae\\u4fe1\\u4e92\\u52a8\\u8425\\u9500\\u4f53\\u9a8c\\u3002\",\"copyright\":\"\\u00a92001-2018 WeiPHP\\u5b98\\u65b9\\u5fae\\u4fe1\\u516c\\u4f17\\u53f7\\u7248\\u6743\\u6240\\u6709\"}}' WHERE `token` = 'gh_268db5519a17' [ RunTime:0.0011s ]
SQL: SELECT * FROM `wp_apps` WHERE `id` = 16 LIMIT 1   [ RunTime:0.0003s ]
SQL: SELECT `id`,`token` FROM `wp_apps`  [ RunTime:0.0003s ]
SQL: SELECT * FROM `wp_apps` WHERE `id` = 16 LIMIT 1   [ RunTime:0.0004s ]
SQL: SELECT `id`,`appid` FROM `wp_apps`  [ RunTime:0.0003s ]
SQL: SELECT * FROM `wp_apps` WHERE `id` = 16 LIMIT 1   [ RunTime:0.0003s ]

[ 2017-08-22T08:31:51+08:00 ] 192.168.1.169 /index.php?s=/w16/Leaflets/Leaflets/config.html&mdm=45|49
SQL: SELECT * FROM `wp_apps_link` WHERE `uid` = 1  [ RunTime:0.0003s ]
SQL: SELECT * FROM `wp_menu` WHERE `place` = 0 AND `is_hide` = 0 ORDER BY sort asc, id asc  [ RunTime:0.0007s ]
SQL: SELECT * FROM `wp_picture` WHERE `status` = 1 AND `id` = 941 LIMIT 1   [ RunTime:0.0004s ]
SQL: SELECT * FROM `wp_model` WHERE `name` = 'leaflets' LIMIT 1   [ RunTime:0.0003s ]
SQL: SELECT * FROM `wp_model` WHERE `name` = 'leaflets' LIMIT 1   [ RunTime:0.0002s ]
SQL: SELECT * FROM `wp_addons` WHERE `name` = 'Leaflets' LIMIT 1   [ RunTime:0.0003s ]

[ 2017-08-22T08:32:26+08:00 ] 192.168.1.169 /index.php?s=/w16/Leaflets/Leaflets/config.html
SQL: SELECT * FROM `wp_apps_link` WHERE `uid` = 1  [ RunTime:0.0003s ]
SQL: INSERT INTO `wp_admin_log` (`uid`,`ip`,`mod`,`cTime`,`content`) VALUES ('1','124.127.144.68','Leaflets','1503361946','http://wechat02.56br.com/index.php?s=/w16/Leaflets/Leaflets/config.html
POST: array (
  \'config\' => 
  array (
    \'title\' => \'YCMS官方微信公众号\',
    \'img\' => \'941\',
    \'info\' => \'微信营销管理平台为个人和企业提供基于微信公众平台的一系列功能，包括智能回复、微信3G网站、互动营销活动，会员管理，在线订单，数据统计等系统功能,带给你全新的微信互动营销体验。\',
    \'copyright\' => \'©2001-2018 官方微信公众号版权所有\',
  ),
  \'id\' => \'42\',
); 
') [ RunTime:0.0003s ]
SQL: SELECT * FROM `wp_model` WHERE `name` = 'leaflets' LIMIT 1   [ RunTime:0.0002s ]
SQL: SELECT * FROM `wp_model` WHERE `name` = 'leaflets' LIMIT 1   [ RunTime:0.0002s ]
SQL: SELECT * FROM `wp_apps` WHERE `token` = 'gh_268db5519a17' LIMIT 1   [ RunTime:0.0004s ]
SQL: UPDATE `wp_apps` SET `addon_config`='{\"Leaflets\":{\"title\":\"YCMS\\u5b98\\u65b9\\u5fae\\u4fe1\\u516c\\u4f17\\u53f7\",\"img\":\"941\",\"info\":\"\\u5fae\\u4fe1\\u8425\\u9500\\u7ba1\\u7406\\u5e73\\u53f0\\u4e3a\\u4e2a\\u4eba\\u548c\\u4f01\\u4e1a\\u63d0\\u4f9b\\u57fa\\u4e8e\\u5fae\\u4fe1\\u516c\\u4f17\\u5e73\\u53f0\\u7684\\u4e00\\u7cfb\\u5217\\u529f\\u80fd\\uff0c\\u5305\\u62ec\\u667a\\u80fd\\u56de\\u590d\\u3001\\u5fae\\u4fe13G\\u7f51\\u7ad9\\u3001\\u4e92\\u52a8\\u8425\\u9500\\u6d3b\\u52a8\\uff0c\\u4f1a\\u5458\\u7ba1\\u7406\\uff0c\\u5728\\u7ebf\\u8ba2\\u5355\\uff0c\\u6570\\u636e\\u7edf\\u8ba1\\u7b49\\u7cfb\\u7edf\\u529f\\u80fd,\\u5e26\\u7ed9\\u4f60\\u5168\\u65b0\\u7684\\u5fae\\u4fe1\\u4e92\\u52a8\\u8425\\u9500\\u4f53\\u9a8c\\u3002\",\"copyright\":\"\\u00a92001-2018 \\u5b98\\u65b9\\u5fae\\u4fe1\\u516c\\u4f17\\u53f7\\u7248\\u6743\\u6240\\u6709\"}}' WHERE `token` = 'gh_268db5519a17' [ RunTime:0.0004s ]
SQL: SELECT * FROM `wp_apps` WHERE `id` = 16 LIMIT 1   [ RunTime:0.0003s ]
SQL: SELECT `id`,`token` FROM `wp_apps`  [ RunTime:0.0003s ]
SQL: SELECT * FROM `wp_apps` WHERE `id` = 16 LIMIT 1   [ RunTime:0.0003s ]
SQL: SELECT `id`,`appid` FROM `wp_apps`  [ RunTime:0.0002s ]
SQL: SELECT * FROM `wp_apps` WHERE `id` = 16 LIMIT 1   [ RunTime:0.0002s ]

[ 2017-08-22T08:32:28+08:00 ] 192.168.1.169 /index.php?s=/w16/Leaflets/Leaflets/config.html&mdm=45|49
SQL: SELECT * FROM `wp_apps_link` WHERE `uid` = 1  [ RunTime:0.0003s ]
SQL: SELECT * FROM `wp_menu` WHERE `place` = 0 AND `is_hide` = 0 ORDER BY sort asc, id asc  [ RunTime:0.0006s ]
SQL: SELECT * FROM `wp_model` WHERE `name` = 'leaflets' LIMIT 1   [ RunTime:0.0004s ]
SQL: SELECT * FROM `wp_model` WHERE `name` = 'leaflets' LIMIT 1   [ RunTime:0.0002s ]
SQL: SELECT * FROM `wp_addons` WHERE `name` = 'Leaflets' LIMIT 1   [ RunTime:0.0003s ]

