[ 2017-08-22T08:35:48+08:00 ] 192.168.1.169 /index.php?s=/w16/Draw/Games/lists.html&mdm=17|350
SQL: SELECT * FROM `wp_apps_link` WHERE `uid` = 1  [ RunTime:0.0003s ]
SQL: SELECT * FROM `wp_menu` WHERE `place` = 0 AND `is_hide` = 0 ORDER BY sort asc, id asc  [ RunTime:0.0006s ]
SQL: SELECT * FROM `wp_model` WHERE `name` = 'lottery_games' LIMIT 1   [ RunTime:0.0003s ]
SQL: SHOW COLUMNS FROM `wp_lottery_games` [ RunTime:0.0013s ]
SQL: SELECT `id`,`title`,`game_type`,`keyword`,`start_time`,`end_time`,`status`,`attend_num` FROM `wp_lottery_games` WHERE `token` = 'gh_268db5519a17' ORDER BY id desc LIMIT 0,10   [ RunTime:0.0002s ]
SQL: SELECT COUNT(*) AS tp_count FROM `wp_lottery_games` WHERE `token` = 'gh_268db5519a17' LIMIT 1   [ RunTime:0.0002s ]
SQL: SHOW COLUMNS FROM `wp_lottery_games` [ RunTime:0.0005s ]

[ 2017-08-22T08:35:51+08:00 ] 192.168.1.169 /index.php?s=/w16/Draw/Games/add/model/188/mdm/17%7C350.html
SQL: SELECT * FROM `wp_apps_link` WHERE `uid` = 1  [ RunTime:0.0003s ]
SQL: SELECT * FROM `wp_menu` WHERE `place` = 0 AND `is_hide` = 0 ORDER BY sort asc, id asc  [ RunTime:0.0009s ]
SQL: SHOW COLUMNS FROM `wp_sport_award` [ RunTime:0.0013s ]
SQL: SELECT * FROM `wp_sport_award` WHERE `token` = 'gh_268db5519a17'  [ RunTime:0.0003s ]
SQL: SELECT * FROM `wp_model` WHERE `id` = 188 LIMIT 1   [ RunTime:0.0004s ]

[ 2017-08-22T08:35:54+08:00 ] 192.168.1.169 /index.php?s=/w16/Draw/Award/lists/model/188/mdm/17%7C350.html
SQL: SELECT * FROM `wp_apps_link` WHERE `uid` = 1  [ RunTime:0.0006s ]
SQL: SELECT * FROM `wp_menu` WHERE `place` = 0 AND `is_hide` = 0 ORDER BY sort asc, id asc  [ RunTime:0.0009s ]
SQL: SELECT * FROM `wp_model` WHERE `name` = 'sport_award' LIMIT 1   [ RunTime:0.0004s ]
SQL: SELECT `id`,`name`,`award_type`,`img`,`explain` FROM `wp_sport_award` WHERE `token` = 'gh_268db5519a17' AND `aim_table` = 'lottery_games' ORDER BY id desc LIMIT 0,20   [ RunTime:0.0007s ]
SQL: SELECT COUNT(*) AS tp_count FROM `wp_sport_award` WHERE `token` = 'gh_268db5519a17' AND `aim_table` = 'lottery_games' LIMIT 1   [ RunTime:0.0002s ]
SQL: SHOW COLUMNS FROM `wp_sport_award` [ RunTime:0.0005s ]

[ 2017-08-22T08:35:56+08:00 ] 192.168.1.169 /index.php?s=/w16/Draw/LuckyFollow/games_lucky_lists/model/188/mdm/17%7C350.html
SQL: SELECT * FROM `wp_apps_link` WHERE `uid` = 1  [ RunTime:0.0003s ]
SQL: SELECT * FROM `wp_menu` WHERE `place` = 0 AND `is_hide` = 0 ORDER BY sort asc, id asc  [ RunTime:0.0006s ]
SQL: SELECT * FROM `wp_model` WHERE `name` = 'lucky_follow' LIMIT 1   [ RunTime:0.0004s ]
SQL: SHOW COLUMNS FROM `wp_lucky_follow` [ RunTime:0.0012s ]
SQL: SELECT `draw_id`,`award_id`,`zjtime`,`follow_id`,`state`,`id` FROM `wp_lucky_follow` WHERE `token` = 'gh_268db5519a17' AND `aim_table` = 'lottery_games' ORDER BY id desc LIMIT 0,20   [ RunTime:0.0003s ]
SQL: SELECT COUNT(*) AS tp_count FROM `wp_lucky_follow` WHERE `token` = 'gh_268db5519a17' AND `aim_table` = 'lottery_games' LIMIT 1   [ RunTime:0.0002s ]
SQL: SHOW COLUMNS FROM `wp_lottery_games_award_link` [ RunTime:0.0010s ]
SQL: SHOW COLUMNS FROM `wp_shop_address` [ RunTime:0.0009s ]

[ 2017-08-22T08:42:35+08:00 ] 192.168.1.169 /index.php?s=/w16/Draw/Draw/lists.html
SQL: SELECT * FROM `wp_apps_link` WHERE `uid` = 1  [ RunTime:0.0003s ]
SQL: SELECT * FROM `wp_menu` WHERE `place` = 0 AND `is_hide` = 0 ORDER BY sort asc, id asc  [ RunTime:0.0008s ]

[ 2017-08-22T08:42:35+08:00 ] 192.168.1.169 /index.php?s=/w16/Draw/Award/lists.html
SQL: SELECT * FROM `wp_apps_link` WHERE `uid` = 1  [ RunTime:0.0003s ]
SQL: SELECT * FROM `wp_menu` WHERE `place` = 0 AND `is_hide` = 0 ORDER BY sort asc, id asc  [ RunTime:0.0007s ]
SQL: SELECT `id`,`name`,`award_type`,`img`,`explain` FROM `wp_sport_award` WHERE `token` = 'gh_268db5519a17' AND `aim_table` = 'lottery_games' ORDER BY id desc LIMIT 0,20   [ RunTime:0.0007s ]
SQL: SELECT COUNT(*) AS tp_count FROM `wp_sport_award` WHERE `token` = 'gh_268db5519a17' AND `aim_table` = 'lottery_games' LIMIT 1   [ RunTime:0.0002s ]

