[ 2017-08-22T08:35:59+08:00 ] 192.168.1.169 /index.php?s=/w16/WeiSite/WeiSite/config.html&mdm=31
SQL: SELECT * FROM `wp_apps_link` WHERE `uid` = 1  [ RunTime:0.0003s ]
SQL: SELECT * FROM `wp_menu` WHERE `place` = 0 AND `is_hide` = 0 ORDER BY sort asc, id asc  [ RunTime:0.0007s ]

[ 2017-08-22T08:36:09+08:00 ] 192.168.1.169 /index.php?s=/w16/WeiSite/Template/index.html&mdm=31|33
SQL: SELECT * FROM `wp_apps_link` WHERE `uid` = 1  [ RunTime:0.0003s ]
SQL: SELECT * FROM `wp_menu` WHERE `place` = 0 AND `is_hide` = 0 ORDER BY sort asc, id asc  [ RunTime:0.0007s ]

[ 2017-08-22T08:36:30+08:00 ] 192.168.1.169 /index.php?s=/w16/WeiSite/Template/save.html
SQL: SELECT * FROM `wp_apps_link` WHERE `uid` = 1  [ RunTime:0.0003s ]
SQL: INSERT INTO `wp_admin_log` (`uid`,`ip`,`mod`,`cTime`,`content`) VALUES ('1','124.127.144.68','WeiSite','1503362190','http://wechat02.56br.com/index.php?s=/w16/WeiSite/Template/save.html
POST: array (
  \'template\' => \'ColorV3\',
  \'type\' => \'index\',
); 
') [ RunTime:0.0005s ]
SQL: SELECT * FROM `wp_apps` WHERE `token` = 'gh_268db5519a17' LIMIT 1   [ RunTime:0.0006s ]
SQL: UPDATE `wp_apps` SET `addon_config`='{\"Leaflets\":{\"title\":\"YCMS\\u5b98\\u65b9\\u5fae\\u4fe1\\u516c\\u4f17\\u53f7\",\"img\":\"941\",\"info\":\"\\u5fae\\u4fe1\\u8425\\u9500\\u7ba1\\u7406\\u5e73\\u53f0\\u4e3a\\u4e2a\\u4eba\\u548c\\u4f01\\u4e1a\\u63d0\\u4f9b\\u57fa\\u4e8e\\u5fae\\u4fe1\\u516c\\u4f17\\u5e73\\u53f0\\u7684\\u4e00\\u7cfb\\u5217\\u529f\\u80fd\\uff0c\\u5305\\u62ec\\u667a\\u80fd\\u56de\\u590d\\u3001\\u5fae\\u4fe13G\\u7f51\\u7ad9\\u3001\\u4e92\\u52a8\\u8425\\u9500\\u6d3b\\u52a8\\uff0c\\u4f1a\\u5458\\u7ba1\\u7406\\uff0c\\u5728\\u7ebf\\u8ba2\\u5355\\uff0c\\u6570\\u636e\\u7edf\\u8ba1\\u7b49\\u7cfb\\u7edf\\u529f\\u80fd,\\u5e26\\u7ed9\\u4f60\\u5168\\u65b0\\u7684\\u5fae\\u4fe1\\u4e92\\u52a8\\u8425\\u9500\\u4f53\\u9a8c\\u3002\",\"copyright\":\"\\u00a92001-2018 \\u5b98\\u65b9\\u5fae\\u4fe1\\u516c\\u4f17\\u53f7\\u7248\\u6743\\u6240\\u6709\"},\"WeiSite\":{\"template_index\":\"ColorV3\"}}' WHERE `token` = 'gh_268db5519a17' [ RunTime:0.0004s ]
SQL: SELECT * FROM `wp_apps` WHERE `id` = 16 LIMIT 1   [ RunTime:0.0005s ]
SQL: SELECT `id`,`token` FROM `wp_apps`  [ RunTime:0.0003s ]
SQL: SELECT * FROM `wp_apps` WHERE `id` = 16 LIMIT 1   [ RunTime:0.0003s ]
SQL: SELECT `id`,`appid` FROM `wp_apps`  [ RunTime:0.0002s ]
SQL: SELECT * FROM `wp_apps` WHERE `id` = 16 LIMIT 1   [ RunTime:0.0003s ]

[ 2017-08-22T08:36:30+08:00 ] 192.168.1.169 /index.php?s=/w16/WeiSite/Slideshow/lists.html&mdm=31|33
SQL: SELECT * FROM `wp_apps_link` WHERE `uid` = 1  [ RunTime:0.0003s ]
SQL: SELECT * FROM `wp_menu` WHERE `place` = 0 AND `is_hide` = 0 ORDER BY sort asc, id asc  [ RunTime:0.0007s ]
SQL: SELECT * FROM `wp_model` WHERE `name` = 'weisite_slideshow' LIMIT 1   [ RunTime:0.0003s ]
SQL: SHOW COLUMNS FROM `wp_weisite_slideshow` [ RunTime:0.0011s ]
SQL: SELECT `title`,`img`,`url`,`is_show`,`sort`,`id` FROM `wp_weisite_slideshow` WHERE `token` = 'gh_268db5519a17' ORDER BY id desc LIMIT 0,20   [ RunTime:0.0002s ]
SQL: SELECT COUNT(*) AS tp_count FROM `wp_weisite_slideshow` WHERE `token` = 'gh_268db5519a17' LIMIT 1   [ RunTime:0.0002s ]

[ 2017-08-22T08:36:36+08:00 ] 192.168.1.169 /index.php?s=/w16/WeiSite/Slideshow/add/model/102/mdm/31%7C33.html
SQL: SELECT * FROM `wp_apps_link` WHERE `uid` = 1  [ RunTime:0.0003s ]
SQL: SELECT * FROM `wp_menu` WHERE `place` = 0 AND `is_hide` = 0 ORDER BY sort asc, id asc  [ RunTime:0.0009s ]
SQL: SELECT * FROM `wp_model` WHERE `id` = 102 LIMIT 1   [ RunTime:0.0003s ]

[ 2017-08-22T08:36:40+08:00 ] 192.168.1.169 /index.php?s=/w16/WeiSite/Template/lists.html&mdm=31|34
SQL: SELECT * FROM `wp_apps_link` WHERE `uid` = 1  [ RunTime:0.0003s ]
SQL: SELECT * FROM `wp_menu` WHERE `place` = 0 AND `is_hide` = 0 ORDER BY sort asc, id asc  [ RunTime:0.0008s ]

[ 2017-08-22T08:36:42+08:00 ] 192.168.1.169 /index.php?s=/w16/WeiSite/Template/index.html&mdm=31|33
SQL: SELECT * FROM `wp_apps_link` WHERE `uid` = 1  [ RunTime:0.0003s ]
SQL: SELECT * FROM `wp_menu` WHERE `place` = 0 AND `is_hide` = 0 ORDER BY sort asc, id asc  [ RunTime:0.0008s ]

[ 2017-08-22T08:36:46+08:00 ] 192.168.1.169 /index.php?s=/w16/WeiSite/Category/lists/mdm/31%7C33.html
SQL: SELECT * FROM `wp_apps_link` WHERE `uid` = 1  [ RunTime:0.0003s ]
SQL: SELECT * FROM `wp_menu` WHERE `place` = 0 AND `is_hide` = 0 ORDER BY sort asc, id asc  [ RunTime:0.0006s ]
SQL: SELECT * FROM `wp_model` WHERE `name` = 'weisite_category' LIMIT 1   [ RunTime:0.0003s ]
SQL: SHOW COLUMNS FROM `wp_weisite_category` [ RunTime:0.0012s ]
SQL: SELECT * FROM `wp_weisite_category` WHERE `token` = 'gh_268db5519a17' ORDER BY id desc  [ RunTime:0.0002s ]

[ 2017-08-22T08:36:48+08:00 ] 192.168.1.169 /index.php?s=/w16/WeiSite/WeiSite/preview/mdm/31%7C33.html
SQL: SELECT * FROM `wp_apps_link` WHERE `uid` = 1  [ RunTime:0.0003s ]
SQL: SELECT * FROM `wp_menu` WHERE `place` = 0 AND `is_hide` = 0 ORDER BY sort asc, id asc  [ RunTime:0.0007s ]

[ 2017-08-22T08:36:50+08:00 ] 192.168.1.169 /index.php?s=/w16/WeiSite/Wap/index.html
SQL: SELECT * FROM `wp_weisite_category` WHERE `token` = 'gh_268db5519a17' AND `is_show` = 1 AND `pid` = 0 ORDER BY sort asc, id desc  [ RunTime:0.0005s ]
SQL: SELECT * FROM `wp_weisite_slideshow` WHERE `token` = 'gh_268db5519a17' AND `is_show` = 1 ORDER BY sort asc, id desc  [ RunTime:0.0003s ]
SQL: SHOW COLUMNS FROM `wp_weisite_footer` [ RunTime:0.0011s ]
SQL: SELECT * FROM `wp_weisite_footer` WHERE `token` = 'gh_268db5519a17' ORDER BY pid asc, sort asc  [ RunTime:0.0004s ]

[ 2017-08-22T08:36:50+08:00 ] 192.168.1.169 /index.php?s=/w16/WeiSite/Wap/index.html
SQL: SELECT * FROM `wp_weisite_category` WHERE `token` = 'gh_268db5519a17' AND `is_show` = 1 AND `pid` = 0 ORDER BY sort asc, id desc  [ RunTime:0.0005s ]
SQL: SELECT * FROM `wp_weisite_slideshow` WHERE `token` = 'gh_268db5519a17' AND `is_show` = 1 ORDER BY sort asc, id desc  [ RunTime:0.0004s ]
SQL: SELECT * FROM `wp_weisite_footer` WHERE `token` = 'gh_268db5519a17' ORDER BY pid asc, sort asc  [ RunTime:0.0005s ]

[ 2017-08-22T08:36:51+08:00 ] 192.168.1.169 /index.php?s=/w16/WeiSite/Template/lists.html&mdm=31|34
SQL: SELECT * FROM `wp_apps_link` WHERE `uid` = 1  [ RunTime:0.0003s ]
SQL: SELECT * FROM `wp_menu` WHERE `place` = 0 AND `is_hide` = 0 ORDER BY sort asc, id asc  [ RunTime:0.0007s ]

[ 2017-08-22T08:37:00+08:00 ] 192.168.1.169 /index.php?s=/w16/WeiSite/Template/save.html
SQL: SELECT * FROM `wp_apps_link` WHERE `uid` = 1  [ RunTime:0.0003s ]
SQL: INSERT INTO `wp_admin_log` (`uid`,`ip`,`mod`,`cTime`,`content`) VALUES ('1','124.127.144.68','WeiSite','1503362220','http://wechat02.56br.com/index.php?s=/w16/WeiSite/Template/save.html
POST: array (
  \'template\' => \'V1\',
  \'type\' => \'lists\',
); 
') [ RunTime:0.0005s ]
SQL: SELECT * FROM `wp_apps` WHERE `token` = 'gh_268db5519a17' LIMIT 1   [ RunTime:0.0003s ]
SQL: UPDATE `wp_apps` SET `addon_config`='{\"Leaflets\":{\"title\":\"YCMS\\u5b98\\u65b9\\u5fae\\u4fe1\\u516c\\u4f17\\u53f7\",\"img\":\"941\",\"info\":\"\\u5fae\\u4fe1\\u8425\\u9500\\u7ba1\\u7406\\u5e73\\u53f0\\u4e3a\\u4e2a\\u4eba\\u548c\\u4f01\\u4e1a\\u63d0\\u4f9b\\u57fa\\u4e8e\\u5fae\\u4fe1\\u516c\\u4f17\\u5e73\\u53f0\\u7684\\u4e00\\u7cfb\\u5217\\u529f\\u80fd\\uff0c\\u5305\\u62ec\\u667a\\u80fd\\u56de\\u590d\\u3001\\u5fae\\u4fe13G\\u7f51\\u7ad9\\u3001\\u4e92\\u52a8\\u8425\\u9500\\u6d3b\\u52a8\\uff0c\\u4f1a\\u5458\\u7ba1\\u7406\\uff0c\\u5728\\u7ebf\\u8ba2\\u5355\\uff0c\\u6570\\u636e\\u7edf\\u8ba1\\u7b49\\u7cfb\\u7edf\\u529f\\u80fd,\\u5e26\\u7ed9\\u4f60\\u5168\\u65b0\\u7684\\u5fae\\u4fe1\\u4e92\\u52a8\\u8425\\u9500\\u4f53\\u9a8c\\u3002\",\"copyright\":\"\\u00a92001-2018 \\u5b98\\u65b9\\u5fae\\u4fe1\\u516c\\u4f17\\u53f7\\u7248\\u6743\\u6240\\u6709\"},\"WeiSite\":{\"template_index\":\"ColorV3\",\"template_lists\":\"V1\"}}' WHERE `token` = 'gh_268db5519a17' [ RunTime:0.0003s ]
SQL: SELECT * FROM `wp_apps` WHERE `id` = 16 LIMIT 1   [ RunTime:0.0002s ]
SQL: SELECT `id`,`token` FROM `wp_apps`  [ RunTime:0.0002s ]
SQL: SELECT * FROM `wp_apps` WHERE `id` = 16 LIMIT 1   [ RunTime:0.0002s ]
SQL: SELECT `id`,`appid` FROM `wp_apps`  [ RunTime:0.0002s ]
SQL: SELECT * FROM `wp_apps` WHERE `id` = 16 LIMIT 1   [ RunTime:0.0002s ]

[ 2017-08-22T08:37:00+08:00 ] 192.168.1.169 /index.php?s=/w16/WeiSite/Template/detail.html&mdm=31|34
SQL: SELECT * FROM `wp_apps_link` WHERE `uid` = 1  [ RunTime:0.0003s ]
SQL: SELECT * FROM `wp_menu` WHERE `place` = 0 AND `is_hide` = 0 ORDER BY sort asc, id asc  [ RunTime:0.0007s ]

[ 2017-08-22T08:37:00+08:00 ] 192.168.1.169 /index.php?s=/w16/WeiSite/Wap/index.html
SQL: SELECT `uid` FROM `wp_apps_follow` WHERE `openid` = '-1' AND `token` = 'gh_268db5519a17' LIMIT 1   [ RunTime:0.0003s ]
SQL: SELECT * FROM `wp_weisite_category` WHERE `token` = 'gh_268db5519a17' AND `is_show` = 1 AND `pid` = 0 ORDER BY sort asc, id desc  [ RunTime:0.0004s ]
SQL: SELECT * FROM `wp_weisite_slideshow` WHERE `token` = 'gh_268db5519a17' AND `is_show` = 1 ORDER BY sort asc, id desc  [ RunTime:0.0004s ]
SQL: SELECT * FROM `wp_weisite_footer` WHERE `token` = 'gh_268db5519a17' ORDER BY pid asc, sort asc  [ RunTime:0.0003s ]

[ 2017-08-22T08:37:17+08:00 ] 192.168.1.169 /index.php?s=/w16/WeiSite/Template/save.html
SQL: SELECT * FROM `wp_apps_link` WHERE `uid` = 1  [ RunTime:0.0004s ]
SQL: INSERT INTO `wp_admin_log` (`uid`,`ip`,`mod`,`cTime`,`content`) VALUES ('1','124.127.144.68','WeiSite','1503362237','http://wechat02.56br.com/index.php?s=/w16/WeiSite/Template/save.html
POST: array (
  \'template\' => \'V2\',
  \'type\' => \'detail\',
); 
') [ RunTime:0.0003s ]
SQL: SELECT * FROM `wp_apps` WHERE `token` = 'gh_268db5519a17' LIMIT 1   [ RunTime:0.0006s ]
SQL: UPDATE `wp_apps` SET `addon_config`='{\"Leaflets\":{\"title\":\"YCMS\\u5b98\\u65b9\\u5fae\\u4fe1\\u516c\\u4f17\\u53f7\",\"img\":\"941\",\"info\":\"\\u5fae\\u4fe1\\u8425\\u9500\\u7ba1\\u7406\\u5e73\\u53f0\\u4e3a\\u4e2a\\u4eba\\u548c\\u4f01\\u4e1a\\u63d0\\u4f9b\\u57fa\\u4e8e\\u5fae\\u4fe1\\u516c\\u4f17\\u5e73\\u53f0\\u7684\\u4e00\\u7cfb\\u5217\\u529f\\u80fd\\uff0c\\u5305\\u62ec\\u667a\\u80fd\\u56de\\u590d\\u3001\\u5fae\\u4fe13G\\u7f51\\u7ad9\\u3001\\u4e92\\u52a8\\u8425\\u9500\\u6d3b\\u52a8\\uff0c\\u4f1a\\u5458\\u7ba1\\u7406\\uff0c\\u5728\\u7ebf\\u8ba2\\u5355\\uff0c\\u6570\\u636e\\u7edf\\u8ba1\\u7b49\\u7cfb\\u7edf\\u529f\\u80fd,\\u5e26\\u7ed9\\u4f60\\u5168\\u65b0\\u7684\\u5fae\\u4fe1\\u4e92\\u52a8\\u8425\\u9500\\u4f53\\u9a8c\\u3002\",\"copyright\":\"\\u00a92001-2018 \\u5b98\\u65b9\\u5fae\\u4fe1\\u516c\\u4f17\\u53f7\\u7248\\u6743\\u6240\\u6709\"},\"WeiSite\":{\"template_index\":\"ColorV3\",\"template_lists\":\"V1\",\"template_detail\":\"V2\"}}' WHERE `token` = 'gh_268db5519a17' [ RunTime:0.0003s ]
SQL: SELECT * FROM `wp_apps` WHERE `id` = 16 LIMIT 1   [ RunTime:0.0002s ]
SQL: SELECT `id`,`token` FROM `wp_apps`  [ RunTime:0.0002s ]
SQL: SELECT * FROM `wp_apps` WHERE `id` = 16 LIMIT 1   [ RunTime:0.0003s ]
SQL: SELECT `id`,`appid` FROM `wp_apps`  [ RunTime:0.0003s ]
SQL: SELECT * FROM `wp_apps` WHERE `id` = 16 LIMIT 1   [ RunTime:0.0003s ]

[ 2017-08-22T08:37:17+08:00 ] 192.168.1.169 /index.php?s=/w16/WeiSite/Cms/lists.html&mdm=31|34
SQL: SELECT * FROM `wp_apps_link` WHERE `uid` = 1  [ RunTime:0.0002s ]
SQL: SELECT * FROM `wp_menu` WHERE `place` = 0 AND `is_hide` = 0 ORDER BY sort asc, id asc  [ RunTime:0.0006s ]
SQL: SELECT * FROM `wp_model` WHERE `name` = 'custom_reply_news' LIMIT 1   [ RunTime:0.0003s ]
SQL: SHOW COLUMNS FROM `wp_custom_reply_news` [ RunTime:0.0014s ]
SQL: SELECT `keyword`,`keyword_type`,`title`,`cate_id`,`sort`,`view_count`,`id` FROM `wp_custom_reply_news` WHERE `token` = 'gh_268db5519a17' ORDER BY id desc LIMIT 0,20   [ RunTime:0.0002s ]
SQL: SELECT COUNT(*) AS tp_count FROM `wp_custom_reply_news` WHERE `token` = 'gh_268db5519a17' LIMIT 1   [ RunTime:0.0001s ]
SQL: SELECT `id`,`title` FROM `wp_weisite_category` WHERE `token` = 'gh_268db5519a17' AND `is_show` = 1  [ RunTime:0.0003s ]

[ 2017-08-22T08:37:23+08:00 ] 192.168.1.169 /index.php?s=/w16/WeiSite/Cms/add/model/36/mdm/31%7C34.html
SQL: SELECT * FROM `wp_apps_link` WHERE `uid` = 1  [ RunTime:0.0003s ]
SQL: SELECT * FROM `wp_menu` WHERE `place` = 0 AND `is_hide` = 0 ORDER BY sort asc, id asc  [ RunTime:0.0007s ]
SQL: SELECT * FROM `wp_model` WHERE `id` = 36 LIMIT 1   [ RunTime:0.0004s ]
SQL: SHOW COLUMNS FROM `wp_custom_reply_news` [ RunTime:0.0008s ]
SQL: SELECT * FROM `wp_model` WHERE `id` = 36 LIMIT 1   [ RunTime:0.0003s ]
SQL: SELECT * FROM `wp_weisite_category` WHERE `is_show` = 1 AND `token` = 'gh_268db5519a17'  [ RunTime:0.0004s ]

[ 2017-08-22T08:37:28+08:00 ] 192.168.1.169 /index.php?s=/w16/WeiSite/Template/lists.html&mdm=31|34
SQL: SELECT * FROM `wp_apps_link` WHERE `uid` = 1  [ RunTime:0.0003s ]
SQL: SELECT * FROM `wp_menu` WHERE `place` = 0 AND `is_hide` = 0 ORDER BY sort asc, id asc  [ RunTime:0.0007s ]

[ 2017-08-22T08:37:33+08:00 ] 192.168.1.169 /index.php?s=/w16/WeiSite/WeiSite/preview_cms/mdm/31%7C34.html
SQL: SELECT * FROM `wp_apps_link` WHERE `uid` = 1  [ RunTime:0.0003s ]
SQL: SELECT * FROM `wp_menu` WHERE `place` = 0 AND `is_hide` = 0 ORDER BY sort asc, id asc  [ RunTime:0.0007s ]

[ 2017-08-22T08:37:34+08:00 ] 192.168.1.169 /index.php?s=/w16/WeiSite/Wap/lists/from/preview.html
SQL: SELECT * FROM `wp_custom_reply_news` WHERE `token` = 'gh_268db5519a17' ORDER BY sort asc, id DESC LIMIT 0,20   [ RunTime:0.0006s ]
SQL: SELECT * FROM `wp_weisite_category` WHERE `id` = 0 LIMIT 1   [ RunTime:0.0004s ]
SQL: SELECT COUNT(*) AS tp_count FROM `wp_custom_reply_news` WHERE `token` = 'gh_268db5519a17' AND `cate_id` = 0 LIMIT 1   [ RunTime:0.0002s ]
SQL: SELECT * FROM `wp_weisite_footer` WHERE `token` = 'gh_268db5519a17' ORDER BY pid asc, sort asc  [ RunTime:0.0005s ]

[ 2017-08-22T08:37:40+08:00 ] 192.168.1.169 /index.php?s=/w16/WeiSite/Template/footer.html&mdm=31|35
SQL: SELECT * FROM `wp_apps_link` WHERE `uid` = 1  [ RunTime:0.0004s ]
SQL: SELECT * FROM `wp_menu` WHERE `place` = 0 AND `is_hide` = 0 ORDER BY sort asc, id asc  [ RunTime:0.0008s ]

[ 2017-08-22T08:37:52+08:00 ] 192.168.1.169 /index.php?s=/w16/WeiSite/Template/save.html
SQL: SELECT * FROM `wp_apps_link` WHERE `uid` = 1  [ RunTime:0.0003s ]
SQL: INSERT INTO `wp_admin_log` (`uid`,`ip`,`mod`,`cTime`,`content`) VALUES ('1','124.127.144.68','WeiSite','1503362272','http://wechat02.56br.com/index.php?s=/w16/WeiSite/Template/save.html
POST: array (
  \'template\' => \'V2\',
  \'type\' => \'footer\',
); 
') [ RunTime:0.0009s ]
SQL: SELECT * FROM `wp_apps` WHERE `token` = 'gh_268db5519a17' LIMIT 1   [ RunTime:0.0005s ]
SQL: UPDATE `wp_apps` SET `addon_config`='{\"Leaflets\":{\"title\":\"YCMS\\u5b98\\u65b9\\u5fae\\u4fe1\\u516c\\u4f17\\u53f7\",\"img\":\"941\",\"info\":\"\\u5fae\\u4fe1\\u8425\\u9500\\u7ba1\\u7406\\u5e73\\u53f0\\u4e3a\\u4e2a\\u4eba\\u548c\\u4f01\\u4e1a\\u63d0\\u4f9b\\u57fa\\u4e8e\\u5fae\\u4fe1\\u516c\\u4f17\\u5e73\\u53f0\\u7684\\u4e00\\u7cfb\\u5217\\u529f\\u80fd\\uff0c\\u5305\\u62ec\\u667a\\u80fd\\u56de\\u590d\\u3001\\u5fae\\u4fe13G\\u7f51\\u7ad9\\u3001\\u4e92\\u52a8\\u8425\\u9500\\u6d3b\\u52a8\\uff0c\\u4f1a\\u5458\\u7ba1\\u7406\\uff0c\\u5728\\u7ebf\\u8ba2\\u5355\\uff0c\\u6570\\u636e\\u7edf\\u8ba1\\u7b49\\u7cfb\\u7edf\\u529f\\u80fd,\\u5e26\\u7ed9\\u4f60\\u5168\\u65b0\\u7684\\u5fae\\u4fe1\\u4e92\\u52a8\\u8425\\u9500\\u4f53\\u9a8c\\u3002\",\"copyright\":\"\\u00a92001-2018 \\u5b98\\u65b9\\u5fae\\u4fe1\\u516c\\u4f17\\u53f7\\u7248\\u6743\\u6240\\u6709\"},\"WeiSite\":{\"template_index\":\"ColorV3\",\"template_lists\":\"V1\",\"template_detail\":\"V2\",\"template_footer\":\"V2\"}}' WHERE `token` = 'gh_268db5519a17' [ RunTime:0.0004s ]
SQL: SELECT * FROM `wp_apps` WHERE `id` = 16 LIMIT 1   [ RunTime:0.0002s ]
SQL: SELECT `id`,`token` FROM `wp_apps`  [ RunTime:0.0002s ]
SQL: SELECT * FROM `wp_apps` WHERE `id` = 16 LIMIT 1   [ RunTime:0.0003s ]
SQL: SELECT `id`,`appid` FROM `wp_apps`  [ RunTime:0.0002s ]
SQL: SELECT * FROM `wp_apps` WHERE `id` = 16 LIMIT 1   [ RunTime:0.0002s ]

[ 2017-08-22T08:37:52+08:00 ] 192.168.1.169 /index.php?s=/w16/WeiSite/Footer/lists.html&mdm=31|35
SQL: SELECT * FROM `wp_apps_link` WHERE `uid` = 1  [ RunTime:0.0003s ]
SQL: SELECT * FROM `wp_menu` WHERE `place` = 0 AND `is_hide` = 0 ORDER BY sort asc, id asc  [ RunTime:0.0006s ]
SQL: SELECT * FROM `wp_model` WHERE `name` = 'weisite_footer' LIMIT 1   [ RunTime:0.0005s ]
SQL: SELECT * FROM `wp_weisite_footer` WHERE `token` = 'gh_268db5519a17' ORDER BY pid asc, sort asc  [ RunTime:0.0005s ]

[ 2017-08-22T08:37:57+08:00 ] 192.168.1.169 /index.php?s=/w16/WeiSite/Footer/add/model/101/mdm/31%7C35.html
SQL: SELECT * FROM `wp_apps_link` WHERE `uid` = 1  [ RunTime:0.0003s ]
SQL: SELECT * FROM `wp_menu` WHERE `place` = 0 AND `is_hide` = 0 ORDER BY sort asc, id asc  [ RunTime:0.0007s ]
SQL: SELECT * FROM `wp_model` WHERE `id` = 101 LIMIT 1   [ RunTime:0.0004s ]
SQL: SHOW COLUMNS FROM `wp_weisite_footer` [ RunTime:0.0008s ]
SQL: SELECT * FROM `wp_weisite_footer` WHERE `pid` = 0 AND `token` = 'gh_268db5519a17'  [ RunTime:0.0003s ]
SQL: SELECT * FROM `wp_model` WHERE `id` = 101 LIMIT 1   [ RunTime:0.0002s ]

[ 2017-08-22T08:38:19+08:00 ] 192.168.1.169 /index.php?s=/w16/WeiSite/Template/lists.html&mdm=31|34
SQL: SELECT * FROM `wp_apps_link` WHERE `uid` = 1  [ RunTime:0.0004s ]
SQL: SELECT * FROM `wp_menu` WHERE `place` = 0 AND `is_hide` = 0 ORDER BY sort asc, id asc  [ RunTime:0.0007s ]

[ 2017-08-22T08:38:21+08:00 ] 192.168.1.169 /index.php?s=/w16/WeiSite/WeiSite/config.html&mdm=31|32
SQL: SELECT * FROM `wp_apps_link` WHERE `uid` = 1  [ RunTime:0.0003s ]
SQL: SELECT * FROM `wp_menu` WHERE `place` = 0 AND `is_hide` = 0 ORDER BY sort asc, id asc  [ RunTime:0.0007s ]

[ 2017-08-22T08:38:55+08:00 ] 192.168.1.169 /index.php?s=/w16/WeiSite/WeiSite/config.html&mdm=31
SQL: SELECT * FROM `wp_apps_link` WHERE `uid` = 1  [ RunTime:0.0003s ]
SQL: SELECT * FROM `wp_menu` WHERE `place` = 0 AND `is_hide` = 0 ORDER BY sort asc, id asc  [ RunTime:0.0007s ]

